This is pdfTeX, Version 3.14159265-2.6-1.40.18 (TeX Live 2017) (preloaded format=pdflatex 2017.12.9)  18 OCT 2018 11:15
entering extended mode
 restricted \write18 enabled.
 %&-line parsing enabled.
**Otto_Fabian_Animal_Biometrics_presentation.tex
(./Otto_Fabian_Animal_Biometrics_presentation.tex
LaTeX2e <2017-04-15>
Babel <3.15> and hyphenation patterns for 84 language(s) loaded.
(/usr/local/texlive/2017/texmf-dist/tex/latex/beamer/beamer.cls
Document Class: beamer 2017/11/30 v3.45 A class for typesetting presentations
(/usr/local/texlive/2017/texmf-dist/tex/latex/beamer/beamerbasemodes.sty
(/usr/local/texlive/2017/texmf-dist/tex/latex/etoolbox/etoolbox.sty
Package: etoolbox 2017/11/22 v2.5 e-TeX tools for LaTeX (JAW)
\etb@tempcnta=\count79
)
\beamer@tempbox=\box26
\beamer@tempcount=\count80
\c@beamerpauses=\count81

(/usr/local/texlive/2017/texmf-dist/tex/latex/beamer/beamerbasedecode.sty
\beamer@slideinframe=\count82
\beamer@minimum=\count83
)
\beamer@commentbox=\box27
\beamer@modecount=\count84
)
(/usr/local/texlive/2017/texmf-dist/tex/generic/oberdiek/ifpdf.sty
Package: ifpdf 2017/03/15 v3.2 Provides the ifpdf switch
)
\headdp=\dimen102
\footheight=\dimen103
\sidebarheight=\dimen104
\beamer@tempdim=\dimen105
\beamer@finalheight=\dimen106
\beamer@animht=\dimen107
\beamer@animdp=\dimen108
\beamer@animwd=\dimen109
\beamer@leftmargin=\dimen110
\beamer@rightmargin=\dimen111
\beamer@leftsidebar=\dimen112
\beamer@rightsidebar=\dimen113
\beamer@boxsize=\dimen114
\beamer@vboxoffset=\dimen115
\beamer@descdefault=\dimen116
\beamer@descriptionwidth=\dimen117
\beamer@lastskip=\skip41
\beamer@areabox=\box28
\beamer@animcurrent=\box29
\beamer@animshowbox=\box30
\beamer@sectionbox=\box31
\beamer@logobox=\box32
\beamer@linebox=\box33
\beamer@sectioncount=\count85
\beamer@subsubsectionmax=\count86
\beamer@subsectionmax=\count87
\beamer@sectionmax=\count88
\beamer@totalheads=\count89
\beamer@headcounter=\count90
\beamer@partstartpage=\count91
\beamer@sectionstartpage=\count92
\beamer@subsectionstartpage=\count93
\beamer@animationtempa=\count94
\beamer@animationtempb=\count95
\beamer@xpos=\count96
\beamer@ypos=\count97
\beamer@ypos@offset=\count98
\beamer@showpartnumber=\count99
\beamer@currentsubsection=\count100
\beamer@coveringdepth=\count101
\beamer@sectionadjust=\count102
\beamer@tocsectionnumber=\count103

(/usr/local/texlive/2017/texmf-dist/tex/latex/beamer/beamerbaseoptions.sty
(/usr/local/texlive/2017/texmf-dist/tex/latex/graphics/keyval.sty
Package: keyval 2014/10/28 v1.15 key=value parser (DPC)
\KV@toks@=\toks14
))
\beamer@paperwidth=\skip42
\beamer@paperheight=\skip43

(/usr/local/texlive/2017/texmf-dist/tex/latex/geometry/geometry.sty
Package: geometry 2010/09/12 v5.6 Page Geometry

(/usr/local/texlive/2017/texmf-dist/tex/generic/oberdiek/ifvtex.sty
Package: ifvtex 2016/05/16 v1.6 Detect VTeX and its facilities (HO)
Package ifvtex Info: VTeX not detected.
)
(/usr/local/texlive/2017/texmf-dist/tex/generic/ifxetex/ifxetex.sty
Package: ifxetex 2010/09/12 v0.6 Provides ifxetex conditional
)
\Gm@cnth=\count104
\Gm@cntv=\count105
\c@Gm@tempcnt=\count106
\Gm@bindingoffset=\dimen118
\Gm@wd@mp=\dimen119
\Gm@odd@mp=\dimen120
\Gm@even@mp=\dimen121
\Gm@layoutwidth=\dimen122
\Gm@layoutheight=\dimen123
\Gm@layouthoffset=\dimen124
\Gm@layoutvoffset=\dimen125
\Gm@dimlist=\toks15
)
(/usr/local/texlive/2017/texmf-dist/tex/latex/base/size10.clo
File: size10.clo 2014/09/29 v1.4h Standard LaTeX file (size option)
)
(/usr/local/texlive/2017/texmf-dist/tex/latex/pgf/basiclayer/pgfcore.sty
(/usr/local/texlive/2017/texmf-dist/tex/latex/graphics/graphicx.sty
Package: graphicx 2017/06/01 v1.1a Enhanced LaTeX Graphics (DPC,SPQR)

(/usr/local/texlive/2017/texmf-dist/tex/latex/graphics/graphics.sty
Package: graphics 2017/06/25 v1.2c Standard LaTeX Graphics (DPC,SPQR)

(/usr/local/texlive/2017/texmf-dist/tex/latex/graphics/trig.sty
Package: trig 2016/01/03 v1.10 sin cos tan (DPC)
)
(/usr/local/texlive/2017/texmf-dist/tex/latex/graphics-cfg/graphics.cfg
File: graphics.cfg 2016/06/04 v1.11 sample graphics configuration
)
Package graphics Info: Driver file: pdftex.def on input line 99.

(/usr/local/texlive/2017/texmf-dist/tex/latex/graphics-def/pdftex.def
File: pdftex.def 2017/06/24 v1.0g Graphics/color driver for pdftex
))
\Gin@req@height=\dimen126
\Gin@req@width=\dimen127
)
(/usr/local/texlive/2017/texmf-dist/tex/latex/pgf/systemlayer/pgfsys.sty
(/usr/local/texlive/2017/texmf-dist/tex/latex/pgf/utilities/pgfrcs.sty
(/usr/local/texlive/2017/texmf-dist/tex/generic/pgf/utilities/pgfutil-common.te
x
\pgfutil@everybye=\toks16
\pgfutil@tempdima=\dimen128
\pgfutil@tempdimb=\dimen129

(/usr/local/texlive/2017/texmf-dist/tex/generic/pgf/utilities/pgfutil-common-li
sts.tex))
(/usr/local/texlive/2017/texmf-dist/tex/generic/pgf/utilities/pgfutil-latex.def
\pgfutil@abb=\box34
(/usr/local/texlive/2017/texmf-dist/tex/latex/ms/everyshi.sty
Package: everyshi 2001/05/15 v3.00 EveryShipout Package (MS)
))
(/usr/local/texlive/2017/texmf-dist/tex/generic/pgf/utilities/pgfrcs.code.tex
Package: pgfrcs 2015/08/07 v3.0.1a (rcs-revision 1.31)
))
(/usr/local/texlive/2017/texmf-dist/tex/generic/pgf/systemlayer/pgfsys.code.tex
Package: pgfsys 2014/07/09 v3.0.1a (rcs-revision 1.48)
(/usr/local/texlive/2017/texmf-dist/tex/generic/pgf/utilities/pgfkeys.code.tex
\pgfkeys@pathtoks=\toks17
\pgfkeys@temptoks=\toks18

(/usr/local/texlive/2017/texmf-dist/tex/generic/pgf/utilities/pgfkeysfiltered.c
ode.tex
\pgfkeys@tmptoks=\toks19
))
\pgf@x=\dimen130
\pgf@y=\dimen131
\pgf@xa=\dimen132
\pgf@ya=\dimen133
\pgf@xb=\dimen134
\pgf@yb=\dimen135
\pgf@xc=\dimen136
\pgf@yc=\dimen137
\w@pgf@writea=\write3
\r@pgf@reada=\read1
\c@pgf@counta=\count107
\c@pgf@countb=\count108
\c@pgf@countc=\count109
\c@pgf@countd=\count110
\t@pgf@toka=\toks20
\t@pgf@tokb=\toks21
\t@pgf@tokc=\toks22

(/usr/local/texlive/2017/texmf-dist/tex/generic/pgf/systemlayer/pgf.cfg
File: pgf.cfg 2008/05/14  (rcs-revision 1.7)
)
Driver file for pgf: pgfsys-pdftex.def

(/usr/local/texlive/2017/texmf-dist/tex/generic/pgf/systemlayer/pgfsys-pdftex.d
ef
File: pgfsys-pdftex.def 2014/10/11  (rcs-revision 1.35)

(/usr/local/texlive/2017/texmf-dist/tex/generic/pgf/systemlayer/pgfsys-common-p
df.def
File: pgfsys-common-pdf.def 2013/10/10  (rcs-revision 1.13)
)))
(/usr/local/texlive/2017/texmf-dist/tex/generic/pgf/systemlayer/pgfsyssoftpath.
code.tex
File: pgfsyssoftpath.code.tex 2013/09/09  (rcs-revision 1.9)
\pgfsyssoftpath@smallbuffer@items=\count111
\pgfsyssoftpath@bigbuffer@items=\count112
)
(/usr/local/texlive/2017/texmf-dist/tex/generic/pgf/systemlayer/pgfsysprotocol.
code.tex
File: pgfsysprotocol.code.tex 2006/10/16  (rcs-revision 1.4)
)) (/usr/local/texlive/2017/texmf-dist/tex/latex/xcolor/xcolor.sty
Package: xcolor 2016/05/11 v2.12 LaTeX color extensions (UK)

(/usr/local/texlive/2017/texmf-dist/tex/latex/graphics-cfg/color.cfg
File: color.cfg 2016/01/02 v1.6 sample color configuration
)
Package xcolor Info: Driver file: pdftex.def on input line 225.
Package xcolor Info: Model `cmy' substituted by `cmy0' on input line 1348.
Package xcolor Info: Model `hsb' substituted by `rgb' on input line 1352.
Package xcolor Info: Model `RGB' extended on input line 1364.
Package xcolor Info: Model `HTML' substituted by `rgb' on input line 1366.
Package xcolor Info: Model `Hsb' substituted by `hsb' on input line 1367.
Package xcolor Info: Model `tHsb' substituted by `hsb' on input line 1368.
Package xcolor Info: Model `HSB' substituted by `hsb' on input line 1369.
Package xcolor Info: Model `Gray' substituted by `gray' on input line 1370.
Package xcolor Info: Model `wave' substituted by `hsb' on input line 1371.
)
(/usr/local/texlive/2017/texmf-dist/tex/generic/pgf/basiclayer/pgfcore.code.tex
Package: pgfcore 2010/04/11 v3.0.1a (rcs-revision 1.7)
(/usr/local/texlive/2017/texmf-dist/tex/generic/pgf/math/pgfmath.code.tex
(/usr/local/texlive/2017/texmf-dist/tex/generic/pgf/math/pgfmathcalc.code.tex
(/usr/local/texlive/2017/texmf-dist/tex/generic/pgf/math/pgfmathutil.code.tex)
(/usr/local/texlive/2017/texmf-dist/tex/generic/pgf/math/pgfmathparser.code.tex
\pgfmath@dimen=\dimen138
\pgfmath@count=\count113
\pgfmath@box=\box35
\pgfmath@toks=\toks23
\pgfmath@stack@operand=\toks24
\pgfmath@stack@operation=\toks25
)
(/usr/local/texlive/2017/texmf-dist/tex/generic/pgf/math/pgfmathfunctions.code.
tex
(/usr/local/texlive/2017/texmf-dist/tex/generic/pgf/math/pgfmathfunctions.basic
.code.tex)
(/usr/local/texlive/2017/texmf-dist/tex/generic/pgf/math/pgfmathfunctions.trigo
nometric.code.tex)
(/usr/local/texlive/2017/texmf-dist/tex/generic/pgf/math/pgfmathfunctions.rando
m.code.tex)
(/usr/local/texlive/2017/texmf-dist/tex/generic/pgf/math/pgfmathfunctions.compa
rison.code.tex)
(/usr/local/texlive/2017/texmf-dist/tex/generic/pgf/math/pgfmathfunctions.base.
code.tex)
(/usr/local/texlive/2017/texmf-dist/tex/generic/pgf/math/pgfmathfunctions.round
.code.tex)
(/usr/local/texlive/2017/texmf-dist/tex/generic/pgf/math/pgfmathfunctions.misc.
code.tex)
(/usr/local/texlive/2017/texmf-dist/tex/generic/pgf/math/pgfmathfunctions.integ
erarithmetics.code.tex)))
(/usr/local/texlive/2017/texmf-dist/tex/generic/pgf/math/pgfmathfloat.code.tex
\c@pgfmathroundto@lastzeros=\count114
))
(/usr/local/texlive/2017/texmf-dist/tex/generic/pgf/basiclayer/pgfcorepoints.co
de.tex
File: pgfcorepoints.code.tex 2013/10/07  (rcs-revision 1.27)
\pgf@picminx=\dimen139
\pgf@picmaxx=\dimen140
\pgf@picminy=\dimen141
\pgf@picmaxy=\dimen142
\pgf@pathminx=\dimen143
\pgf@pathmaxx=\dimen144
\pgf@pathminy=\dimen145
\pgf@pathmaxy=\dimen146
\pgf@xx=\dimen147
\pgf@xy=\dimen148
\pgf@yx=\dimen149
\pgf@yy=\dimen150
\pgf@zx=\dimen151
\pgf@zy=\dimen152
)
(/usr/local/texlive/2017/texmf-dist/tex/generic/pgf/basiclayer/pgfcorepathconst
ruct.code.tex
File: pgfcorepathconstruct.code.tex 2013/10/07  (rcs-revision 1.29)
\pgf@path@lastx=\dimen153
\pgf@path@lasty=\dimen154
)
(/usr/local/texlive/2017/texmf-dist/tex/generic/pgf/basiclayer/pgfcorepathusage
.code.tex
File: pgfcorepathusage.code.tex 2014/11/02  (rcs-revision 1.24)
\pgf@shorten@end@additional=\dimen155
\pgf@shorten@start@additional=\dimen156
)
(/usr/local/texlive/2017/texmf-dist/tex/generic/pgf/basiclayer/pgfcorescopes.co
de.tex
File: pgfcorescopes.code.tex 2015/05/08  (rcs-revision 1.46)
\pgfpic=\box36
\pgf@hbox=\box37
\pgf@layerbox@main=\box38
\pgf@picture@serial@count=\count115
)
(/usr/local/texlive/2017/texmf-dist/tex/generic/pgf/basiclayer/pgfcoregraphicst
ate.code.tex
File: pgfcoregraphicstate.code.tex 2014/11/02  (rcs-revision 1.12)
\pgflinewidth=\dimen157
)
(/usr/local/texlive/2017/texmf-dist/tex/generic/pgf/basiclayer/pgfcoretransform
ations.code.tex
File: pgfcoretransformations.code.tex 2015/08/07  (rcs-revision 1.20)
\pgf@pt@x=\dimen158
\pgf@pt@y=\dimen159
\pgf@pt@temp=\dimen160
)
(/usr/local/texlive/2017/texmf-dist/tex/generic/pgf/basiclayer/pgfcorequick.cod
e.tex
File: pgfcorequick.code.tex 2008/10/09  (rcs-revision 1.3)
)
(/usr/local/texlive/2017/texmf-dist/tex/generic/pgf/basiclayer/pgfcoreobjects.c
ode.tex
File: pgfcoreobjects.code.tex 2006/10/11  (rcs-revision 1.2)
)
(/usr/local/texlive/2017/texmf-dist/tex/generic/pgf/basiclayer/pgfcorepathproce
ssing.code.tex
File: pgfcorepathprocessing.code.tex 2013/09/09  (rcs-revision 1.9)
)
(/usr/local/texlive/2017/texmf-dist/tex/generic/pgf/basiclayer/pgfcorearrows.co
de.tex
File: pgfcorearrows.code.tex 2015/05/14  (rcs-revision 1.43)
\pgfarrowsep=\dimen161
)
(/usr/local/texlive/2017/texmf-dist/tex/generic/pgf/basiclayer/pgfcoreshade.cod
e.tex
File: pgfcoreshade.code.tex 2013/07/15  (rcs-revision 1.15)
\pgf@max=\dimen162
\pgf@sys@shading@range@num=\count116
)
(/usr/local/texlive/2017/texmf-dist/tex/generic/pgf/basiclayer/pgfcoreimage.cod
e.tex
File: pgfcoreimage.code.tex 2013/07/15  (rcs-revision 1.18)

(/usr/local/texlive/2017/texmf-dist/tex/generic/pgf/basiclayer/pgfcoreexternal.
code.tex
File: pgfcoreexternal.code.tex 2014/07/09  (rcs-revision 1.21)
\pgfexternal@startupbox=\box39
))
(/usr/local/texlive/2017/texmf-dist/tex/generic/pgf/basiclayer/pgfcorelayers.co
de.tex
File: pgfcorelayers.code.tex 2013/07/18  (rcs-revision 1.7)
)
(/usr/local/texlive/2017/texmf-dist/tex/generic/pgf/basiclayer/pgfcoretranspare
ncy.code.tex
File: pgfcoretransparency.code.tex 2013/09/30  (rcs-revision 1.5)
)
(/usr/local/texlive/2017/texmf-dist/tex/generic/pgf/basiclayer/pgfcorepatterns.
code.tex
File: pgfcorepatterns.code.tex 2013/11/07  (rcs-revision 1.5)
)))
(/usr/local/texlive/2017/texmf-dist/tex/latex/pgf/utilities/xxcolor.sty
Package: xxcolor 2003/10/24 ver 0.1
\XC@nummixins=\count117
\XC@countmixins=\count118
)
(/usr/local/texlive/2017/texmf-dist/tex/generic/oberdiek/atbegshi.sty
Package: atbegshi 2016/06/09 v1.18 At begin shipout hook (HO)

(/usr/local/texlive/2017/texmf-dist/tex/generic/oberdiek/infwarerr.sty
Package: infwarerr 2016/05/16 v1.4 Providing info/warning/error messages (HO)
)
(/usr/local/texlive/2017/texmf-dist/tex/generic/oberdiek/ltxcmds.sty
Package: ltxcmds 2016/05/16 v1.23 LaTeX kernel commands for general use (HO)
))
(/usr/local/texlive/2017/texmf-dist/tex/latex/hyperref/hyperref.sty
Package: hyperref 2017/03/14 v6.85a Hypertext links for LaTeX

(/usr/local/texlive/2017/texmf-dist/tex/generic/oberdiek/hobsub-hyperref.sty
Package: hobsub-hyperref 2016/05/16 v1.14 Bundle oberdiek, subset hyperref (HO)


(/usr/local/texlive/2017/texmf-dist/tex/generic/oberdiek/hobsub-generic.sty
Package: hobsub-generic 2016/05/16 v1.14 Bundle oberdiek, subset generic (HO)
Package: hobsub 2016/05/16 v1.14 Construct package bundles (HO)
Package hobsub Info: Skipping package `infwarerr' (already loaded).
Package hobsub Info: Skipping package `ltxcmds' (already loaded).
Package: ifluatex 2016/05/16 v1.4 Provides the ifluatex switch (HO)
Package ifluatex Info: LuaTeX not detected.
Package hobsub Info: Skipping package `ifvtex' (already loaded).
Package: intcalc 2016/05/16 v1.2 Expandable calculations with integers (HO)
Package hobsub Info: Skipping package `ifpdf' (already loaded).
Package: etexcmds 2016/05/16 v1.6 Avoid name clashes with e-TeX commands (HO)
Package etexcmds Info: Could not find \expanded.
(etexcmds)             That can mean that you are not using pdfTeX 1.50 or
(etexcmds)             that some package has redefined \expanded.
(etexcmds)             In the latter case, load this package earlier.
Package: kvsetkeys 2016/05/16 v1.17 Key value parser (HO)
Package: kvdefinekeys 2016/05/16 v1.4 Define keys (HO)
Package: pdftexcmds 2017/03/19 v0.25 Utility functions of pdfTeX for LuaTeX (HO
)
Package pdftexcmds Info: LuaTeX not detected.
Package pdftexcmds Info: \pdf@primitive is available.
Package pdftexcmds Info: \pdf@ifprimitive is available.
Package pdftexcmds Info: \pdfdraftmode found.
Package: pdfescape 2016/05/16 v1.14 Implements pdfTeX's escape features (HO)
Package: bigintcalc 2016/05/16 v1.4 Expandable calculations on big integers (HO
)
Package: bitset 2016/05/16 v1.2 Handle bit-vector datatype (HO)
Package: uniquecounter 2016/05/16 v1.3 Provide unlimited unique counter (HO)
)
Package hobsub Info: Skipping package `hobsub' (already loaded).
Package: letltxmacro 2016/05/16 v1.5 Let assignment for LaTeX macros (HO)
Package: hopatch 2016/05/16 v1.3 Wrapper for package hooks (HO)
Package: xcolor-patch 2016/05/16 xcolor patch
Package: atveryend 2016/05/16 v1.9 Hooks at the very end of document (HO)
Package hobsub Info: Skipping package `atbegshi' (already loaded).
Package: refcount 2016/05/16 v3.5 Data extraction from label references (HO)
Package: hycolor 2016/05/16 v1.8 Color options for hyperref/bookmark (HO)
)
(/usr/local/texlive/2017/texmf-dist/tex/latex/oberdiek/auxhook.sty
Package: auxhook 2016/05/16 v1.4 Hooks for auxiliary files (HO)
)
(/usr/local/texlive/2017/texmf-dist/tex/latex/oberdiek/kvoptions.sty
Package: kvoptions 2016/05/16 v3.12 Key value format for package options (HO)
)
\@linkdim=\dimen163
\Hy@linkcounter=\count119
\Hy@pagecounter=\count120

(/usr/local/texlive/2017/texmf-dist/tex/latex/hyperref/pd1enc.def
File: pd1enc.def 2017/03/14 v6.85a Hyperref: PDFDocEncoding definition (HO)
)
\Hy@SavedSpaceFactor=\count121

(/usr/local/texlive/2017/texmf-dist/tex/latex/latexconfig/hyperref.cfg
File: hyperref.cfg 2002/06/06 v1.2 hyperref configuration of TeXLive
)
Package hyperref Info: Option `bookmarks' set `true' on input line 4374.
Package hyperref Info: Option `bookmarksopen' set `true' on input line 4374.
Package hyperref Info: Option `implicit' set `false' on input line 4374.
Package hyperref Info: Hyper figures OFF on input line 4498.
Package hyperref Info: Link nesting OFF on input line 4503.
Package hyperref Info: Hyper index ON on input line 4506.
Package hyperref Info: Plain pages OFF on input line 4513.
Package hyperref Info: Backreferencing OFF on input line 4518.
Package hyperref Info: Implicit mode OFF; no redefinition of LaTeX internals.
Package hyperref Info: Bookmarks ON on input line 4751.
\c@Hy@tempcnt=\count122

(/usr/local/texlive/2017/texmf-dist/tex/latex/url/url.sty
\Urlmuskip=\muskip10
Package: url 2013/09/16  ver 3.4  Verb mode for urls, etc.
)
LaTeX Info: Redefining \url on input line 5104.
\XeTeXLinkMargin=\dimen164
\Fld@menulength=\count123
\Field@Width=\dimen165
\Fld@charsize=\dimen166
Package hyperref Info: Hyper figures OFF on input line 6358.
Package hyperref Info: Link nesting OFF on input line 6363.
Package hyperref Info: Hyper index ON on input line 6366.
Package hyperref Info: backreferencing OFF on input line 6373.
Package hyperref Info: Link coloring OFF on input line 6378.
Package hyperref Info: Link coloring with OCG OFF on input line 6383.
Package hyperref Info: PDF/A mode OFF on input line 6388.
LaTeX Info: Redefining \ref on input line 6428.
LaTeX Info: Redefining \pageref on input line 6432.
\Hy@abspage=\count124


Package hyperref Message: Stopped early.

)

Package hyperref Message: Driver (autodetected): hpdftex.

(/usr/local/texlive/2017/texmf-dist/tex/latex/hyperref/hpdftex.def
File: hpdftex.def 2017/03/14 v6.85a Hyperref driver for pdfTeX
\Fld@listcount=\count125
\c@bookmark@seq@number=\count126

(/usr/local/texlive/2017/texmf-dist/tex/latex/oberdiek/rerunfilecheck.sty
Package: rerunfilecheck 2016/05/16 v1.8 Rerun checks for auxiliary files (HO)
Package uniquecounter Info: New unique counter `rerunfilecheck' on input line 2
82.
))
(/usr/local/texlive/2017/texmf-dist/tex/latex/beamer/beamerbaserequires.sty
(/usr/local/texlive/2017/texmf-dist/tex/latex/beamer/beamerbasecompatibility.st
y) (/usr/local/texlive/2017/texmf-dist/tex/latex/beamer/beamerbasefont.sty
(/usr/local/texlive/2017/texmf-dist/tex/latex/amsfonts/amssymb.sty
Package: amssymb 2013/01/14 v3.01 AMS font symbols

(/usr/local/texlive/2017/texmf-dist/tex/latex/amsfonts/amsfonts.sty
Package: amsfonts 2013/01/14 v3.01 Basic AMSFonts support
\@emptytoks=\toks26
\symAMSa=\mathgroup4
\symAMSb=\mathgroup5
LaTeX Font Info:    Overwriting math alphabet `\mathfrak' in version `bold'
(Font)                  U/euf/m/n --> U/euf/b/n on input line 106.
))
(/usr/local/texlive/2017/texmf-dist/tex/latex/sansmathaccent/sansmathaccent.sty
Package: sansmathaccent 2013/03/28
(/usr/local/texlive/2017/texmf-dist/tex/latex/filehook/filehook.sty
Package: filehook 2011/10/12 v0.5d Hooks for input files
)))
(/usr/local/texlive/2017/texmf-dist/tex/latex/beamer/beamerbasetranslator.sty
(/usr/local/texlive/2017/texmf-dist/tex/latex/translator/translator.sty
Package: translator 2017/11/30 v1.11
))
(/usr/local/texlive/2017/texmf-dist/tex/latex/beamer/beamerbasemisc.sty)
(/usr/local/texlive/2017/texmf-dist/tex/latex/beamer/beamerbasetwoscreens.sty)
(/usr/local/texlive/2017/texmf-dist/tex/latex/beamer/beamerbaseoverlay.sty
\beamer@argscount=\count127
\beamer@lastskipcover=\skip44
\beamer@trivlistdepth=\count128
)
(/usr/local/texlive/2017/texmf-dist/tex/latex/beamer/beamerbasetitle.sty)
(/usr/local/texlive/2017/texmf-dist/tex/latex/beamer/beamerbasesection.sty
\c@lecture=\count129
\c@part=\count130
\c@section=\count131
\c@subsection=\count132
\c@subsubsection=\count133
)
(/usr/local/texlive/2017/texmf-dist/tex/latex/beamer/beamerbaseframe.sty
\beamer@framebox=\box40
\beamer@frametitlebox=\box41
\beamer@zoombox=\box42
\beamer@zoomcount=\count134
\beamer@zoomframecount=\count135
\beamer@frametextheight=\dimen167
\c@subsectionslide=\count136
\beamer@frametopskip=\skip45
\beamer@framebottomskip=\skip46
\beamer@frametopskipautobreak=\skip47
\beamer@framebottomskipautobreak=\skip48
\beamer@envbody=\toks27
\framewidth=\dimen168
\c@framenumber=\count137
)
(/usr/local/texlive/2017/texmf-dist/tex/latex/beamer/beamerbaseverbatim.sty
\beamer@verbatimfileout=\write4
)
(/usr/local/texlive/2017/texmf-dist/tex/latex/beamer/beamerbaseframesize.sty
\beamer@splitbox=\box43
\beamer@autobreakcount=\count138
\beamer@autobreaklastheight=\dimen169
\beamer@frametitletoks=\toks28
\beamer@framesubtitletoks=\toks29
)
(/usr/local/texlive/2017/texmf-dist/tex/latex/beamer/beamerbaseframecomponents.
sty
\beamer@footins=\box44
) (/usr/local/texlive/2017/texmf-dist/tex/latex/beamer/beamerbasecolor.sty
\beamer@bg@ht=\dimen170
\beamer@bg@wd=\dimen171
\beamer@bg@dp=\dimen172
)
(/usr/local/texlive/2017/texmf-dist/tex/latex/beamer/beamerbasenotes.sty
\beamer@frameboxcopy=\box45
)
(/usr/local/texlive/2017/texmf-dist/tex/latex/beamer/beamerbasetoc.sty)
(/usr/local/texlive/2017/texmf-dist/tex/latex/beamer/beamerbasetemplates.sty
\beamer@sbttoks=\toks30

(/usr/local/texlive/2017/texmf-dist/tex/latex/beamer/beamerbaseauxtemplates.sty
(/usr/local/texlive/2017/texmf-dist/tex/latex/beamer/beamerbaseboxes.sty
\bmb@box=\box46
\bmb@colorbox=\box47
\bmb@boxshadow=\box48
\bmb@boxshadowball=\box49
\bmb@boxshadowballlarge=\box50
\bmb@temp=\dimen173
\bmb@dima=\dimen174
\bmb@dimb=\dimen175
\bmb@prevheight=\dimen176
)
\beamer@blockheadheight=\dimen177
))
(/usr/local/texlive/2017/texmf-dist/tex/latex/beamer/beamerbaselocalstructure.s
ty (/usr/local/texlive/2017/texmf-dist/tex/latex/tools/enumerate.sty
Package: enumerate 2015/07/23 v3.00 enumerate extensions (DPC)
\@enLab=\toks31
)
\c@figure=\count139
\c@table=\count140
\abovecaptionskip=\skip49
\belowcaptionskip=\skip50
)
(/usr/local/texlive/2017/texmf-dist/tex/latex/beamer/beamerbasenavigation.sty
\beamer@section@min@dim=\dimen178
)
(/usr/local/texlive/2017/texmf-dist/tex/latex/beamer/beamerbasetheorems.sty
(/usr/local/texlive/2017/texmf-dist/tex/latex/amsmath/amsmath.sty
Package: amsmath 2017/09/02 v2.17a AMS math features
\@mathmargin=\skip51

For additional information on amsmath, use the `?' option.
(/usr/local/texlive/2017/texmf-dist/tex/latex/amsmath/amstext.sty
Package: amstext 2000/06/29 v2.01 AMS text

(/usr/local/texlive/2017/texmf-dist/tex/latex/amsmath/amsgen.sty
File: amsgen.sty 1999/11/30 v2.0 generic functions
\@emptytoks=\toks32
\ex@=\dimen179
))
(/usr/local/texlive/2017/texmf-dist/tex/latex/amsmath/amsbsy.sty
Package: amsbsy 1999/11/29 v1.2d Bold Symbols
\pmbraise@=\dimen180
)
(/usr/local/texlive/2017/texmf-dist/tex/latex/amsmath/amsopn.sty
Package: amsopn 2016/03/08 v2.02 operator names
)
\inf@bad=\count141
LaTeX Info: Redefining \frac on input line 213.
\uproot@=\count142
\leftroot@=\count143
LaTeX Info: Redefining \overline on input line 375.
\classnum@=\count144
\DOTSCASE@=\count145
LaTeX Info: Redefining \ldots on input line 472.
LaTeX Info: Redefining \dots on input line 475.
LaTeX Info: Redefining \cdots on input line 596.
\Mathstrutbox@=\box51
\strutbox@=\box52
\big@size=\dimen181
LaTeX Font Info:    Redeclaring font encoding OML on input line 712.
LaTeX Font Info:    Redeclaring font encoding OMS on input line 713.
\macc@depth=\count146
\c@MaxMatrixCols=\count147
\dotsspace@=\muskip11
\c@parentequation=\count148
\dspbrk@lvl=\count149
\tag@help=\toks33
\row@=\count150
\column@=\count151
\maxfields@=\count152
\andhelp@=\toks34
\eqnshift@=\dimen182
\alignsep@=\dimen183
\tagshift@=\dimen184
\tagwidth@=\dimen185
\totwidth@=\dimen186
\lineht@=\dimen187
\@envbody=\toks35
\multlinegap=\skip52
\multlinetaggap=\skip53
\mathdisplay@stack=\toks36
LaTeX Info: Redefining \[ on input line 2817.
LaTeX Info: Redefining \] on input line 2818.
)
(/usr/local/texlive/2017/texmf-dist/tex/latex/amscls/amsthm.sty
Package: amsthm 2015/03/04 v2.20.2
\thm@style=\toks37
\thm@bodyfont=\toks38
\thm@headfont=\toks39
\thm@notefont=\toks40
\thm@headpunct=\toks41
\thm@preskip=\skip54
\thm@postskip=\skip55
\thm@headsep=\skip56
\dth@everypar=\toks42
)
\c@theorem=\count153
)
(/usr/local/texlive/2017/texmf-dist/tex/latex/beamer/beamerbasethemes.sty))
(/usr/local/texlive/2017/texmf-dist/tex/latex/beamer/themes/theme/beamerthemede
fault.sty
(/usr/local/texlive/2017/texmf-dist/tex/latex/beamer/themes/font/beamerfontthem
edefault.sty)
(/usr/local/texlive/2017/texmf-dist/tex/latex/beamer/themes/color/beamercolorth
emedefault.sty)
(/usr/local/texlive/2017/texmf-dist/tex/latex/beamer/themes/inner/beamerinnerth
emedefault.sty
\beamer@dima=\dimen188
\beamer@dimb=\dimen189
)
(/usr/local/texlive/2017/texmf-dist/tex/latex/beamer/themes/outer/beamerouterth
emedefault.sty))) (./beamerthemeFeather.sty
Package: beamerthemeFeather 2014/04/08 v1.0.0 The Feather Beamer Theme

(/usr/local/texlive/2017/texmf-dist/tex/latex/pgf/frontendlayer/tikz.sty
(/usr/local/texlive/2017/texmf-dist/tex/latex/pgf/basiclayer/pgf.sty
Package: pgf 2015/08/07 v3.0.1a (rcs-revision 1.15)

(/usr/local/texlive/2017/texmf-dist/tex/generic/pgf/modules/pgfmoduleshapes.cod
e.tex
File: pgfmoduleshapes.code.tex 2014/03/21  (rcs-revision 1.35)
\pgfnodeparttextbox=\box53
)
(/usr/local/texlive/2017/texmf-dist/tex/generic/pgf/modules/pgfmoduleplot.code.
tex
File: pgfmoduleplot.code.tex 2015/08/03  (rcs-revision 1.13)
)
(/usr/local/texlive/2017/texmf-dist/tex/latex/pgf/compatibility/pgfcomp-version
-0-65.sty
Package: pgfcomp-version-0-65 2007/07/03 v3.0.1a (rcs-revision 1.7)
\pgf@nodesepstart=\dimen190
\pgf@nodesepend=\dimen191
)
(/usr/local/texlive/2017/texmf-dist/tex/latex/pgf/compatibility/pgfcomp-version
-1-18.sty
Package: pgfcomp-version-1-18 2007/07/23 v3.0.1a (rcs-revision 1.1)
))
(/usr/local/texlive/2017/texmf-dist/tex/latex/pgf/utilities/pgffor.sty
(/usr/local/texlive/2017/texmf-dist/tex/latex/pgf/utilities/pgfkeys.sty
(/usr/local/texlive/2017/texmf-dist/tex/generic/pgf/utilities/pgfkeys.code.tex)
) (/usr/local/texlive/2017/texmf-dist/tex/latex/pgf/math/pgfmath.sty
(/usr/local/texlive/2017/texmf-dist/tex/generic/pgf/math/pgfmath.code.tex))
(/usr/local/texlive/2017/texmf-dist/tex/generic/pgf/utilities/pgffor.code.tex
Package: pgffor 2013/12/13 v3.0.1a (rcs-revision 1.25)

(/usr/local/texlive/2017/texmf-dist/tex/generic/pgf/math/pgfmath.code.tex)
\pgffor@iter=\dimen192
\pgffor@skip=\dimen193
\pgffor@stack=\toks43
\pgffor@toks=\toks44
))
(/usr/local/texlive/2017/texmf-dist/tex/generic/pgf/frontendlayer/tikz/tikz.cod
e.tex
Package: tikz 2015/08/07 v3.0.1a (rcs-revision 1.151)

(/usr/local/texlive/2017/texmf-dist/tex/generic/pgf/libraries/pgflibraryplothan
dlers.code.tex
File: pgflibraryplothandlers.code.tex 2013/08/31 v3.0.1a (rcs-revision 1.20)
\pgf@plot@mark@count=\count154
\pgfplotmarksize=\dimen194
)
\tikz@lastx=\dimen195
\tikz@lasty=\dimen196
\tikz@lastxsaved=\dimen197
\tikz@lastysaved=\dimen198
\tikzleveldistance=\dimen199
\tikzsiblingdistance=\dimen256
\tikz@figbox=\box54
\tikz@figbox@bg=\box55
\tikz@tempbox=\box56
\tikz@tempbox@bg=\box57
\tikztreelevel=\count155
\tikznumberofchildren=\count156
\tikznumberofcurrentchild=\count157
\tikz@fig@count=\count158

(/usr/local/texlive/2017/texmf-dist/tex/generic/pgf/modules/pgfmodulematrix.cod
e.tex
File: pgfmodulematrix.code.tex 2013/09/17  (rcs-revision 1.8)
\pgfmatrixcurrentrow=\count159
\pgfmatrixcurrentcolumn=\count160
\pgf@matrix@numberofcolumns=\count161
)
\tikz@expandcount=\count162

(/usr/local/texlive/2017/texmf-dist/tex/generic/pgf/frontendlayer/tikz/librarie
s/tikzlibrarytopaths.code.tex
File: tikzlibrarytopaths.code.tex 2008/06/17 v3.0.1a (rcs-revision 1.2)
)))
(/usr/local/texlive/2017/texmf-dist/tex/latex/tools/calc.sty
Package: calc 2014/10/28 v4.3 Infix arithmetic (KKT,FJ)
\calc@Acount=\count163
\calc@Bcount=\count164
\calc@Adimen=\dimen257
\calc@Bdimen=\dimen258
\calc@Askip=\skip57
\calc@Bskip=\skip58
LaTeX Info: Redefining \setlength on input line 80.
LaTeX Info: Redefining \addtolength on input line 81.
\calc@Ccount=\count165
\calc@Cskip=\skip59
)
(./beamerinnerthemeFeather.sty
Package: beamerinnerthemeFeather 2014/04/08 v1.0.0 The Feather Beamer Theme
) (./beamerouterthemeFeather.sty
Package: beamerouterthemeFeather 2014/04/08 v1.0.0 The Feather Beamer Theme

(/usr/local/texlive/2017/texmf-dist/tex/latex/svg/svg.sty
Package: svg 2017/11/29 v2.01 (include SVG pictures)

(/usr/local/texlive/2017/texmf-dist/tex/latex/koma-script/scrbase.sty
Package: scrbase 2017/09/07 v3.24 KOMA-Script package (KOMA-Script-independent 
basics and keyval usage)

(/usr/local/texlive/2017/texmf-dist/tex/latex/koma-script/scrlfile.sty
Package: scrlfile 2017/09/07 v3.24 KOMA-Script package (loading files)
)
(/usr/local/texlive/2017/texmf-dist/tex/latex/filehook/filehook-scrlfile.sty
Package: filehook-scrlfile 2011/01/03 v0.1 filehook patch for scrlfile package
Package filehook Info: Package 'scrlfile' detected and compensated for on input
 line 102.
))
(/usr/local/texlive/2017/texmf-dist/tex/latex/tools/shellesc.sty
Package: shellesc 2016/06/07 v0.02a unified shell escape interface for LaTeX
Package shellesc Info: Restricted shell escape enabled on input line 69.
)
\c@svg@param@lastpage=\count166
\c@svg@param@currpage=\count167
)
(/usr/local/texlive/2017/texmf-dist/tex/latex/oberdiek/transparent.sty
Package: transparent 2016/05/16 v1.1 Transparency via pdfTeX's color stack (HO)

)
\c@unnumberedframe=\count168
\beamer@height=\skip60
\beamer@logoradius=\skip61
\beamer@borderwidth=\skip62
\beamer@logoinnerradius=\skip63
\beamer@logoouterradius=\skip64
\beamer@counterradius=\skip65
)
(./beamercolorthemeFeather.sty
Package: beamercolorthemeFeather 2014/04/08 v1.0.0 The Feather Beamer Theme
))
(/usr/local/texlive/2017/texmf-dist/tex/latex/base/inputenc.sty
Package: inputenc 2015/03/17 v1.2c Input encoding file
\inpenc@prehook=\toks45
\inpenc@posthook=\toks46

(/usr/local/texlive/2017/texmf-dist/tex/latex/base/utf8.def
File: utf8.def 2017/01/28 v1.1t UTF-8 support for inputenc
Now handling font encoding OML ...
... no UTF-8 mapping file for font encoding OML
Now handling font encoding T1 ...
... processing UTF-8 mapping file for font encoding T1

(/usr/local/texlive/2017/texmf-dist/tex/latex/base/t1enc.dfu
File: t1enc.dfu 2017/01/28 v1.1t UTF-8 support for inputenc
   defining Unicode char U+00A0 (decimal 160)
   defining Unicode char U+00A1 (decimal 161)
   defining Unicode char U+00A3 (decimal 163)
   defining Unicode char U+00AB (decimal 171)
   defining Unicode char U+00AD (decimal 173)
   defining Unicode char U+00BB (decimal 187)
   defining Unicode char U+00BF (decimal 191)
   defining Unicode char U+00C0 (decimal 192)
   defining Unicode char U+00C1 (decimal 193)
   defining Unicode char U+00C2 (decimal 194)
   defining Unicode char U+00C3 (decimal 195)
   defining Unicode char U+00C4 (decimal 196)
   defining Unicode char U+00C5 (decimal 197)
   defining Unicode char U+00C6 (decimal 198)
   defining Unicode char U+00C7 (decimal 199)
   defining Unicode char U+00C8 (decimal 200)
   defining Unicode char U+00C9 (decimal 201)
   defining Unicode char U+00CA (decimal 202)
   defining Unicode char U+00CB (decimal 203)
   defining Unicode char U+00CC (decimal 204)
   defining Unicode char U+00CD (decimal 205)
   defining Unicode char U+00CE (decimal 206)
   defining Unicode char U+00CF (decimal 207)
   defining Unicode char U+00D0 (decimal 208)
   defining Unicode char U+00D1 (decimal 209)
   defining Unicode char U+00D2 (decimal 210)
   defining Unicode char U+00D3 (decimal 211)
   defining Unicode char U+00D4 (decimal 212)
   defining Unicode char U+00D5 (decimal 213)
   defining Unicode char U+00D6 (decimal 214)
   defining Unicode char U+00D8 (decimal 216)
   defining Unicode char U+00D9 (decimal 217)
   defining Unicode char U+00DA (decimal 218)
   defining Unicode char U+00DB (decimal 219)
   defining Unicode char U+00DC (decimal 220)
   defining Unicode char U+00DD (decimal 221)
   defining Unicode char U+00DE (decimal 222)
   defining Unicode char U+00DF (decimal 223)
   defining Unicode char U+00E0 (decimal 224)
   defining Unicode char U+00E1 (decimal 225)
   defining Unicode char U+00E2 (decimal 226)
   defining Unicode char U+00E3 (decimal 227)
   defining Unicode char U+00E4 (decimal 228)
   defining Unicode char U+00E5 (decimal 229)
   defining Unicode char U+00E6 (decimal 230)
   defining Unicode char U+00E7 (decimal 231)
   defining Unicode char U+00E8 (decimal 232)
   defining Unicode char U+00E9 (decimal 233)
   defining Unicode char U+00EA (decimal 234)
   defining Unicode char U+00EB (decimal 235)
   defining Unicode char U+00EC (decimal 236)
   defining Unicode char U+00ED (decimal 237)
   defining Unicode char U+00EE (decimal 238)
   defining Unicode char U+00EF (decimal 239)
   defining Unicode char U+00F0 (decimal 240)
   defining Unicode char U+00F1 (decimal 241)
   defining Unicode char U+00F2 (decimal 242)
   defining Unicode char U+00F3 (decimal 243)
   defining Unicode char U+00F4 (decimal 244)
   defining Unicode char U+00F5 (decimal 245)
   defining Unicode char U+00F6 (decimal 246)
   defining Unicode char U+00F8 (decimal 248)
   defining Unicode char U+00F9 (decimal 249)
   defining Unicode char U+00FA (decimal 250)
   defining Unicode char U+00FB (decimal 251)
   defining Unicode char U+00FC (decimal 252)
   defining Unicode char U+00FD (decimal 253)
   defining Unicode char U+00FE (decimal 254)
   defining Unicode char U+00FF (decimal 255)
   defining Unicode char U+0100 (decimal 256)
   defining Unicode char U+0101 (decimal 257)
   defining Unicode char U+0102 (decimal 258)
   defining Unicode char U+0103 (decimal 259)
   defining Unicode char U+0104 (decimal 260)
   defining Unicode char U+0105 (decimal 261)
   defining Unicode char U+0106 (decimal 262)
   defining Unicode char U+0107 (decimal 263)
   defining Unicode char U+0108 (decimal 264)
   defining Unicode char U+0109 (decimal 265)
   defining Unicode char U+010A (decimal 266)
   defining Unicode char U+010B (decimal 267)
   defining Unicode char U+010C (decimal 268)
   defining Unicode char U+010D (decimal 269)
   defining Unicode char U+010E (decimal 270)
   defining Unicode char U+010F (decimal 271)
   defining Unicode char U+0110 (decimal 272)
   defining Unicode char U+0111 (decimal 273)
   defining Unicode char U+0112 (decimal 274)
   defining Unicode char U+0113 (decimal 275)
   defining Unicode char U+0114 (decimal 276)
   defining Unicode char U+0115 (decimal 277)
   defining Unicode char U+0116 (decimal 278)
   defining Unicode char U+0117 (decimal 279)
   defining Unicode char U+0118 (decimal 280)
   defining Unicode char U+0119 (decimal 281)
   defining Unicode char U+011A (decimal 282)
   defining Unicode char U+011B (decimal 283)
   defining Unicode char U+011C (decimal 284)
   defining Unicode char U+011D (decimal 285)
   defining Unicode char U+011E (decimal 286)
   defining Unicode char U+011F (decimal 287)
   defining Unicode char U+0120 (decimal 288)
   defining Unicode char U+0121 (decimal 289)
   defining Unicode char U+0122 (decimal 290)
   defining Unicode char U+0123 (decimal 291)
   defining Unicode char U+0124 (decimal 292)
   defining Unicode char U+0125 (decimal 293)
   defining Unicode char U+0128 (decimal 296)
   defining Unicode char U+0129 (decimal 297)
   defining Unicode char U+012A (decimal 298)
   defining Unicode char U+012B (decimal 299)
   defining Unicode char U+012C (decimal 300)
   defining Unicode char U+012D (decimal 301)
   defining Unicode char U+012E (decimal 302)
   defining Unicode char U+012F (decimal 303)
   defining Unicode char U+0130 (decimal 304)
   defining Unicode char U+0131 (decimal 305)
   defining Unicode char U+0132 (decimal 306)
   defining Unicode char U+0133 (decimal 307)
   defining Unicode char U+0134 (decimal 308)
   defining Unicode char U+0135 (decimal 309)
   defining Unicode char U+0136 (decimal 310)
   defining Unicode char U+0137 (decimal 311)
   defining Unicode char U+0139 (decimal 313)
   defining Unicode char U+013A (decimal 314)
   defining Unicode char U+013B (decimal 315)
   defining Unicode char U+013C (decimal 316)
   defining Unicode char U+013D (decimal 317)
   defining Unicode char U+013E (decimal 318)
   defining Unicode char U+0141 (decimal 321)
   defining Unicode char U+0142 (decimal 322)
   defining Unicode char U+0143 (decimal 323)
   defining Unicode char U+0144 (decimal 324)
   defining Unicode char U+0145 (decimal 325)
   defining Unicode char U+0146 (decimal 326)
   defining Unicode char U+0147 (decimal 327)
   defining Unicode char U+0148 (decimal 328)
   defining Unicode char U+014A (decimal 330)
   defining Unicode char U+014B (decimal 331)
   defining Unicode char U+014C (decimal 332)
   defining Unicode char U+014D (decimal 333)
   defining Unicode char U+014E (decimal 334)
   defining Unicode char U+014F (decimal 335)
   defining Unicode char U+0150 (decimal 336)
   defining Unicode char U+0151 (decimal 337)
   defining Unicode char U+0152 (decimal 338)
   defining Unicode char U+0153 (decimal 339)
   defining Unicode char U+0154 (decimal 340)
   defining Unicode char U+0155 (decimal 341)
   defining Unicode char U+0156 (decimal 342)
   defining Unicode char U+0157 (decimal 343)
   defining Unicode char U+0158 (decimal 344)
   defining Unicode char U+0159 (decimal 345)
   defining Unicode char U+015A (decimal 346)
   defining Unicode char U+015B (decimal 347)
   defining Unicode char U+015C (decimal 348)
   defining Unicode char U+015D (decimal 349)
   defining Unicode char U+015E (decimal 350)
   defining Unicode char U+015F (decimal 351)
   defining Unicode char U+0160 (decimal 352)
   defining Unicode char U+0161 (decimal 353)
   defining Unicode char U+0162 (decimal 354)
   defining Unicode char U+0163 (decimal 355)
   defining Unicode char U+0164 (decimal 356)
   defining Unicode char U+0165 (decimal 357)
   defining Unicode char U+0168 (decimal 360)
   defining Unicode char U+0169 (decimal 361)
   defining Unicode char U+016A (decimal 362)
   defining Unicode char U+016B (decimal 363)
   defining Unicode char U+016C (decimal 364)
   defining Unicode char U+016D (decimal 365)
   defining Unicode char U+016E (decimal 366)
   defining Unicode char U+016F (decimal 367)
   defining Unicode char U+0170 (decimal 368)
   defining Unicode char U+0171 (decimal 369)
   defining Unicode char U+0172 (decimal 370)
   defining Unicode char U+0173 (decimal 371)
   defining Unicode char U+0174 (decimal 372)
   defining Unicode char U+0175 (decimal 373)
   defining Unicode char U+0176 (decimal 374)
   defining Unicode char U+0177 (decimal 375)
   defining Unicode char U+0178 (decimal 376)
   defining Unicode char U+0179 (decimal 377)
   defining Unicode char U+017A (decimal 378)
   defining Unicode char U+017B (decimal 379)
   defining Unicode char U+017C (decimal 380)
   defining Unicode char U+017D (decimal 381)
   defining Unicode char U+017E (decimal 382)
   defining Unicode char U+01CD (decimal 461)
   defining Unicode char U+01CE (decimal 462)
   defining Unicode char U+01CF (decimal 463)
   defining Unicode char U+01D0 (decimal 464)
   defining Unicode char U+01D1 (decimal 465)
   defining Unicode char U+01D2 (decimal 466)
   defining Unicode char U+01D3 (decimal 467)
   defining Unicode char U+01D4 (decimal 468)
   defining Unicode char U+01E2 (decimal 482)
   defining Unicode char U+01E3 (decimal 483)
   defining Unicode char U+01E6 (decimal 486)
   defining Unicode char U+01E7 (decimal 487)
   defining Unicode char U+01E8 (decimal 488)
   defining Unicode char U+01E9 (decimal 489)
   defining Unicode char U+01EA (decimal 490)
   defining Unicode char U+01EB (decimal 491)
   defining Unicode char U+01F0 (decimal 496)
   defining Unicode char U+01F4 (decimal 500)
   defining Unicode char U+01F5 (decimal 501)
   defining Unicode char U+0218 (decimal 536)
   defining Unicode char U+0219 (decimal 537)
   defining Unicode char U+021A (decimal 538)
   defining Unicode char U+021B (decimal 539)
   defining Unicode char U+0232 (decimal 562)
   defining Unicode char U+0233 (decimal 563)
   defining Unicode char U+1E02 (decimal 7682)
   defining Unicode char U+1E03 (decimal 7683)
   defining Unicode char U+200C (decimal 8204)
   defining Unicode char U+2010 (decimal 8208)
   defining Unicode char U+2011 (decimal 8209)
   defining Unicode char U+2012 (decimal 8210)
   defining Unicode char U+2013 (decimal 8211)
   defining Unicode char U+2014 (decimal 8212)
   defining Unicode char U+2015 (decimal 8213)
   defining Unicode char U+2018 (decimal 8216)
   defining Unicode char U+2019 (decimal 8217)
   defining Unicode char U+201A (decimal 8218)
   defining Unicode char U+201C (decimal 8220)
   defining Unicode char U+201D (decimal 8221)
   defining Unicode char U+201E (decimal 8222)
   defining Unicode char U+2030 (decimal 8240)
   defining Unicode char U+2031 (decimal 8241)
   defining Unicode char U+2039 (decimal 8249)
   defining Unicode char U+203A (decimal 8250)
   defining Unicode char U+2423 (decimal 9251)
   defining Unicode char U+1E20 (decimal 7712)
   defining Unicode char U+1E21 (decimal 7713)
)
Now handling font encoding OT1 ...
... processing UTF-8 mapping file for font encoding OT1

(/usr/local/texlive/2017/texmf-dist/tex/latex/base/ot1enc.dfu
File: ot1enc.dfu 2017/01/28 v1.1t UTF-8 support for inputenc
   defining Unicode char U+00A0 (decimal 160)
   defining Unicode char U+00A1 (decimal 161)
   defining Unicode char U+00A3 (decimal 163)
   defining Unicode char U+00AD (decimal 173)
   defining Unicode char U+00B8 (decimal 184)
   defining Unicode char U+00BF (decimal 191)
   defining Unicode char U+00C5 (decimal 197)
   defining Unicode char U+00C6 (decimal 198)
   defining Unicode char U+00D8 (decimal 216)
   defining Unicode char U+00DF (decimal 223)
   defining Unicode char U+00E6 (decimal 230)
   defining Unicode char U+00EC (decimal 236)
   defining Unicode char U+00ED (decimal 237)
   defining Unicode char U+00EE (decimal 238)
   defining Unicode char U+00EF (decimal 239)
   defining Unicode char U+00F8 (decimal 248)
   defining Unicode char U+0131 (decimal 305)
   defining Unicode char U+0141 (decimal 321)
   defining Unicode char U+0142 (decimal 322)
   defining Unicode char U+0152 (decimal 338)
   defining Unicode char U+0153 (decimal 339)
   defining Unicode char U+0174 (decimal 372)
   defining Unicode char U+0175 (decimal 373)
   defining Unicode char U+0176 (decimal 374)
   defining Unicode char U+0177 (decimal 375)
   defining Unicode char U+0218 (decimal 536)
   defining Unicode char U+0219 (decimal 537)
   defining Unicode char U+021A (decimal 538)
   defining Unicode char U+021B (decimal 539)
   defining Unicode char U+2013 (decimal 8211)
   defining Unicode char U+2014 (decimal 8212)
   defining Unicode char U+2018 (decimal 8216)
   defining Unicode char U+2019 (decimal 8217)
   defining Unicode char U+201C (decimal 8220)
   defining Unicode char U+201D (decimal 8221)
)
Now handling font encoding OMS ...
... processing UTF-8 mapping file for font encoding OMS

(/usr/local/texlive/2017/texmf-dist/tex/latex/base/omsenc.dfu
File: omsenc.dfu 2017/01/28 v1.1t UTF-8 support for inputenc
   defining Unicode char U+00A7 (decimal 167)
   defining Unicode char U+00B6 (decimal 182)
   defining Unicode char U+00B7 (decimal 183)
   defining Unicode char U+2020 (decimal 8224)
   defining Unicode char U+2021 (decimal 8225)
   defining Unicode char U+2022 (decimal 8226)
)
Now handling font encoding OMX ...
... no UTF-8 mapping file for font encoding OMX
Now handling font encoding U ...
... no UTF-8 mapping file for font encoding U
Now handling font encoding PD1 ...
... no UTF-8 mapping file for font encoding PD1
   defining Unicode char U+00A9 (decimal 169)
   defining Unicode char U+00AA (decimal 170)
   defining Unicode char U+00AE (decimal 174)
   defining Unicode char U+00BA (decimal 186)
   defining Unicode char U+02C6 (decimal 710)
   defining Unicode char U+02DC (decimal 732)
   defining Unicode char U+200C (decimal 8204)
   defining Unicode char U+2026 (decimal 8230)
   defining Unicode char U+2122 (decimal 8482)
   defining Unicode char U+2423 (decimal 9251)
))
(/usr/local/texlive/2017/texmf-dist/tex/generic/babel/babel.sty
Package: babel 2017/11/03 3.15 The Babel package

(/usr/local/texlive/2017/texmf-dist/tex/generic/babel/switch.def
File: switch.def 2017/11/03 3.15 Babel switching mechanism
)
(/usr/local/texlive/2017/texmf-dist/tex/generic/babel-english/english.ldf
Language: english 2017/06/06 v3.3r English support from the babel system

(/usr/local/texlive/2017/texmf-dist/tex/generic/babel/babel.def
File: babel.def 2017/11/03 3.15 Babel common definitions

(/usr/local/texlive/2017/texmf-dist/tex/generic/babel/switch.def
File: switch.def 2017/11/03 3.15 Babel switching mechanism
)
\babel@savecnt=\count169
\U@D=\dimen259
LaTeX Info: Redefining \textlatin on input line 1741.
)
\l@canadian = a dialect from \language\l@american 
\l@australian = a dialect from \language\l@british 
\l@newzealand = a dialect from \language\l@british 
))
(/usr/local/texlive/2017/texmf-dist/tex/latex/base/fontenc.sty
Package: fontenc 2017/04/05 v2.0i Standard LaTeX package

(/usr/local/texlive/2017/texmf-dist/tex/latex/base/t1enc.def
File: t1enc.def 2017/04/05 v2.0i Standard LaTeX file
LaTeX Font Info:    Redeclaring font encoding T1 on input line 48.
))
(/usr/local/texlive/2017/texmf-dist/tex/latex/psnfss/helvet.sty
Package: helvet 2005/04/12 PSNFSS-v9.2a (WaS) 
)
(/usr/local/texlive/2017/texmf-dist/tex/latex/tabu/tabu.sty
Package: tabu 2011/02/26 v2.8 - flexible LaTeX tabulars (FC)

(/usr/local/texlive/2017/texmf-dist/tex/latex/tools/array.sty
Package: array 2016/10/06 v2.4d Tabular extension package (FMi)
\col@sep=\dimen260
\extrarowheight=\dimen261
\NC@list=\toks47
\extratabsurround=\skip66
\backup@length=\skip67
)
(/usr/local/texlive/2017/texmf-dist/tex/latex/varwidth/varwidth.sty
Package: varwidth 2009/03/30 ver 0.92;  Variable-width minipages
\@vwid@box=\box58
\sift@deathcycles=\count170
\@vwid@loff=\dimen262
\@vwid@roff=\dimen263
)
\c@taburow=\count171
\tabu@nbcols=\count172
\tabu@cnt=\count173
\tabu@Xcol=\count174
\tabu@alloc=\count175
\tabu@nested=\count176
\tabu@target=\dimen264
\tabu@spreadtarget=\dimen265
\tabu@naturalX=\dimen266
\tabucolX=\dimen267
\tabu@Xsum=\dimen268
\extrarowdepth=\dimen269
\abovetabulinesep=\dimen270
\belowtabulinesep=\dimen271
\tabustrutrule=\dimen272
\tabu@thebody=\toks48
\tabu@footnotes=\toks49
\tabu@box=\box59
\tabu@arstrutbox=\box60
\tabu@hleads=\box61
\tabu@vleads=\box62
\tabu@cellskip=\skip68
)
(/usr/local/texlive/2017/texmf-dist/tex/latex/booktabs/booktabs.sty
Package: booktabs 2016/04/27 v1.618033 publication quality tables
\heavyrulewidth=\dimen273
\lightrulewidth=\dimen274
\cmidrulewidth=\dimen275
\belowrulesep=\dimen276
\belowbottomsep=\dimen277
\aboverulesep=\dimen278
\abovetopsep=\dimen279
\cmidrulesep=\dimen280
\cmidrulekern=\dimen281
\defaultaddspace=\dimen282
\@cmidla=\count177
\@cmidlb=\count178
\@aboverulesep=\dimen283
\@belowrulesep=\dimen284
\@thisruleclass=\count179
\@lastruleclass=\count180
\@thisrulewidth=\dimen285
)
(/usr/local/texlive/2017/texmf-dist/tex/latex/enumitem/enumitem.sty
Package: enumitem 2011/09/28 v3.5.2 Customized lists
\labelindent=\skip69
\enit@outerparindent=\dimen286
\enit@toks=\toks50
\enit@inbox=\box63
\enitdp@description=\count181
)
(/usr/local/texlive/2017/texmf-dist/tex/latex/adjustbox/adjustbox.sty
Package: adjustbox 2012/05/21 v1.0 Adjusting TeX boxes (trim, clip, ...)

(/usr/local/texlive/2017/texmf-dist/tex/latex/xkeyval/xkeyval.sty
Package: xkeyval 2014/12/03 v2.7a package option processing (HA)

(/usr/local/texlive/2017/texmf-dist/tex/generic/xkeyval/xkeyval.tex
(/usr/local/texlive/2017/texmf-dist/tex/generic/xkeyval/xkvutils.tex
\XKV@toks=\toks51
\XKV@tempa@toks=\toks52
)
\XKV@depth=\count182
File: xkeyval.tex 2014/12/03 v2.7a key=value parser (HA)
))
(/usr/local/texlive/2017/texmf-dist/tex/latex/adjustbox/adjcalc.sty
Package: adjcalc 2012/05/16 v1.1 Provides advanced setlength with multiple back
-ends (calc, etex, pgfmath)
)
(/usr/local/texlive/2017/texmf-dist/tex/latex/adjustbox/trimclip.sty
Package: trimclip 2012/05/16 v1.0 Trim and clip general TeX material

(/usr/local/texlive/2017/texmf-dist/tex/latex/collectbox/collectbox.sty
Package: collectbox 2012/05/17 v0.4b Collect macro arguments as boxes
\collectedbox=\box64
)
\tc@llx=\dimen287
\tc@lly=\dimen288
\tc@urx=\dimen289
\tc@ury=\dimen290
Package trimclip Info: Using driver 'tc-pdftex.def'.

(/usr/local/texlive/2017/texmf-dist/tex/latex/adjustbox/tc-pdftex.def
File: tc-pdftex.def 2012/05/13 v1.0 Clipping driver for pdftex
))
\adjbox@Width=\dimen291
\adjbox@Height=\dimen292
\adjbox@Depth=\dimen293
\adjbox@Totalheight=\dimen294

(/usr/local/texlive/2017/texmf-dist/tex/latex/ifoddpage/ifoddpage.sty
Package: ifoddpage 2016/04/23 v1.1 Conditionals for odd/even page detection
\c@checkoddpage=\count183
))

Package hyperref Warning: Token not allowed in a PDF string (PDFDocEncoding):
(hyperref)                removing `\\' on input line 77.


Package hyperref Warning: Token not allowed in a PDF string (PDFDocEncoding):
(hyperref)                removing `\\' on input line 77.

(./Otto_Fabian_Animal_Biometrics_presentation.aux)
\openout1 = `Otto_Fabian_Animal_Biometrics_presentation.aux'.

LaTeX Font Info:    Checking defaults for OML/cmm/m/it on input line 107.
LaTeX Font Info:    ... okay on input line 107.
LaTeX Font Info:    Checking defaults for T1/cmr/m/n on input line 107.
LaTeX Font Info:    ... okay on input line 107.
LaTeX Font Info:    Checking defaults for OT1/cmr/m/n on input line 107.
LaTeX Font Info:    ... okay on input line 107.
LaTeX Font Info:    Checking defaults for OMS/cmsy/m/n on input line 107.
LaTeX Font Info:    ... okay on input line 107.
LaTeX Font Info:    Checking defaults for OMX/cmex/m/n on input line 107.
LaTeX Font Info:    ... okay on input line 107.
LaTeX Font Info:    Checking defaults for U/cmr/m/n on input line 107.
LaTeX Font Info:    ... okay on input line 107.
LaTeX Font Info:    Checking defaults for PD1/pdf/m/n on input line 107.
LaTeX Font Info:    ... okay on input line 107.
LaTeX Font Info:    Try loading font information for T1+phv on input line 107.

(/usr/local/texlive/2017/texmf-dist/tex/latex/psnfss/t1phv.fd
File: t1phv.fd 2001/06/04 scalable font definitions for T1/phv.
)
*geometry* driver: auto-detecting
*geometry* detected driver: pdftex
*geometry* verbose mode - [ preamble ] result:
* driver: pdftex
* paper: custom
* layout: <same size as paper>
* layoutoffset:(h,v)=(0.0pt,0.0pt)
* modes: includehead includefoot 
* h-part:(L,W,R)=(28.45274pt, 307.28987pt, 28.45274pt)
* v-part:(T,H,B)=(0.0pt, 273.14662pt, 0.0pt)
* \paperwidth=364.19536pt
* \paperheight=273.14662pt
* \textwidth=307.28987pt
* \textheight=244.6939pt
* \oddsidemargin=-43.81725pt
* \evensidemargin=-43.81725pt
* \topmargin=-72.26999pt
* \headheight=14.22636pt
* \headsep=0.0pt
* \topskip=10.0pt
* \footskip=14.22636pt
* \marginparwidth=3.0pt
* \marginparsep=11.0pt
* \columnsep=10.0pt
* \skip\footins=9.0pt plus 4.0pt minus 2.0pt
* \hoffset=0.0pt
* \voffset=0.0pt
* \mag=1000
* \@twocolumnfalse
* \@twosidefalse
* \@mparswitchfalse
* \@reversemarginfalse
* (1in=72.27pt=25.4mm, 1cm=28.453pt)

(/usr/local/texlive/2017/texmf-dist/tex/context/base/mkii/supp-pdf.mkii
[Loading MPS to PDF converter (version 2006.09.02).]
\scratchcounter=\count184
\scratchdimen=\dimen295
\scratchbox=\box65
\nofMPsegments=\count185
\nofMParguments=\count186
\everyMPshowfont=\toks53
\MPscratchCnt=\count187
\MPscratchDim=\dimen296
\MPnumerator=\count188
\makeMPintoPDFobject=\count189
\everyMPtoPDFconversion=\toks54
) (/usr/local/texlive/2017/texmf-dist/tex/latex/oberdiek/epstopdf-base.sty
Package: epstopdf-base 2016/05/15 v2.6 Base part for package epstopdf

(/usr/local/texlive/2017/texmf-dist/tex/latex/oberdiek/grfext.sty
Package: grfext 2016/05/16 v1.2 Manage graphics extensions (HO)
)
Package epstopdf-base Info: Redefining graphics rule for `.eps' on input line 4
38.
Package grfext Info: Graphics extension search list:
(grfext)             [.pdf,.png,.jpg,.mps,.jpeg,.jbig2,.jb2,.PDF,.PNG,.JPG,.JPE
G,.JBIG2,.JB2,.eps]
(grfext)             \AppendGraphicsExtensions on input line 456.

(/usr/local/texlive/2017/texmf-dist/tex/latex/latexconfig/epstopdf-sys.cfg
File: epstopdf-sys.cfg 2010/07/13 v1.3 Configuration of (r)epstopdf for TeX Liv
e
))
ABD: EveryShipout initializing macros
\AtBeginShipoutBox=\box66
Package hyperref Info: Link coloring OFF on input line 107.

(/usr/local/texlive/2017/texmf-dist/tex/latex/hyperref/nameref.sty
Package: nameref 2016/05/21 v2.44 Cross-referencing by name of section

(/usr/local/texlive/2017/texmf-dist/tex/generic/oberdiek/gettitlestring.sty
Package: gettitlestring 2016/05/16 v1.5 Cleanup title references (HO)
)
\c@section@level=\count190
)
LaTeX Info: Redefining \ref on input line 107.
LaTeX Info: Redefining \pageref on input line 107.
LaTeX Info: Redefining \nameref on input line 107.

(./Otto_Fabian_Animal_Biometrics_presentation.out)
(./Otto_Fabian_Animal_Biometrics_presentation.out)
\@outlinefile=\write5
\openout5 = `Otto_Fabian_Animal_Biometrics_presentation.out'.

LaTeX Font Info:    Overwriting symbol font `operators' in version `normal'
(Font)                  OT1/cmr/m/n --> OT1/cmss/m/n on input line 107.
LaTeX Font Info:    Overwriting symbol font `operators' in version `bold'
(Font)                  OT1/cmr/bx/n --> OT1/cmss/bx/n on input line 107.
\symnumbers=\mathgroup6
\sympureletters=\mathgroup7
LaTeX Font Info:    Overwriting math alphabet `\mathrm' in version `normal'
(Font)                  OT1/cmss/m/n --> T1/cmr/m/n on input line 107.
LaTeX Font Info:    Redeclaring math alphabet \mathbf on input line 107.
LaTeX Font Info:    Overwriting math alphabet `\mathbf' in version `normal'
(Font)                  OT1/cmr/bx/n --> T1/phv/bx/n on input line 107.
LaTeX Font Info:    Overwriting math alphabet `\mathbf' in version `bold'
(Font)                  OT1/cmr/bx/n --> T1/phv/bx/n on input line 107.
LaTeX Font Info:    Redeclaring math alphabet \mathsf on input line 107.
LaTeX Font Info:    Overwriting math alphabet `\mathsf' in version `normal'
(Font)                  OT1/cmss/m/n --> T1/phv/m/n on input line 107.
LaTeX Font Info:    Overwriting math alphabet `\mathsf' in version `bold'
(Font)                  OT1/cmss/bx/n --> T1/phv/m/n on input line 107.
LaTeX Font Info:    Redeclaring math alphabet \mathit on input line 107.
LaTeX Font Info:    Overwriting math alphabet `\mathit' in version `normal'
(Font)                  OT1/cmr/m/it --> T1/phv/m/it on input line 107.
LaTeX Font Info:    Overwriting math alphabet `\mathit' in version `bold'
(Font)                  OT1/cmr/bx/it --> T1/phv/m/it on input line 107.
LaTeX Font Info:    Redeclaring math alphabet \mathtt on input line 107.
LaTeX Font Info:    Overwriting math alphabet `\mathtt' in version `normal'
(Font)                  OT1/cmtt/m/n --> T1/cmtt/m/n on input line 107.
LaTeX Font Info:    Overwriting math alphabet `\mathtt' in version `bold'
(Font)                  OT1/cmtt/m/n --> T1/cmtt/m/n on input line 107.
LaTeX Font Info:    Overwriting symbol font `numbers' in version `bold'
(Font)                  T1/phv/m/n --> T1/phv/bx/n on input line 107.
LaTeX Font Info:    Overwriting symbol font `pureletters' in version `bold'
(Font)                  T1/phv/m/it --> T1/phv/bx/it on input line 107.
LaTeX Font Info:    Overwriting math alphabet `\mathrm' in version `bold'
(Font)                  OT1/cmss/bx/n --> T1/cmr/bx/n on input line 107.
LaTeX Font Info:    Overwriting math alphabet `\mathbf' in version `bold'
(Font)                  T1/phv/bx/n --> T1/phv/bx/n on input line 107.
LaTeX Font Info:    Overwriting math alphabet `\mathsf' in version `bold'
(Font)                  T1/phv/m/n --> T1/phv/bx/n on input line 107.
LaTeX Font Info:    Overwriting math alphabet `\mathit' in version `bold'
(Font)                  T1/phv/m/it --> T1/phv/bx/it on input line 107.
LaTeX Font Info:    Overwriting math alphabet `\mathtt' in version `bold'
(Font)                  T1/cmtt/m/n --> T1/cmtt/bx/n on input line 107.

(/usr/local/texlive/2017/texmf-dist/tex/latex/translator/translator-basic-dicti
onary-English.dict
Dictionary: translator-basic-dictionary, Language: English 
)
(/usr/local/texlive/2017/texmf-dist/tex/latex/translator/translator-bibliograph
y-dictionary-English.dict
Dictionary: translator-bibliography-dictionary, Language: English 
)
(/usr/local/texlive/2017/texmf-dist/tex/latex/translator/translator-environment
-dictionary-English.dict
Dictionary: translator-environment-dictionary, Language: English 
)
(/usr/local/texlive/2017/texmf-dist/tex/latex/translator/translator-months-dict
ionary-English.dict
Dictionary: translator-months-dictionary, Language: English 
)
(/usr/local/texlive/2017/texmf-dist/tex/latex/translator/translator-numbers-dic
tionary-English.dict
Dictionary: translator-numbers-dictionary, Language: English 
)
(/usr/local/texlive/2017/texmf-dist/tex/latex/translator/translator-theorem-dic
tionary-English.dict
Dictionary: translator-theorem-dictionary, Language: English 
) (./Otto_Fabian_Animal_Biometrics_presentation.nav)
<images/TUD.png, id=59, 271.0125pt x 321.2pt>
File: images/TUD.png Graphic file (type png)
<use images/TUD.png>
Package pdftex.def Info: images/TUD.png  used on input line 107. on input line 
107.
Package pdftex.def Info: Requested size: 26.71864pt x 31.66608pt on input line 
107.
Missing character: There is no ; in font nullfont!
File: images/TUD.png Graphic file (type png)
<use images/TUD.png>
Package pdftex.def Info: images/TUD.png  used on input line 116. on input line 
116.
Package pdftex.def Info: Requested size: 32.52008pt x 38.54233pt on input line 
116.
LaTeX Font Info:    Try loading font information for T1+cmtt on input line 116.


(/usr/local/texlive/2017/texmf-dist/tex/latex/base/t1cmtt.fd
File: t1cmtt.fd 2014/09/29 v2.5h Standard LaTeX font definitions
)
LaTeX Font Info:    Try loading font information for U+msa on input line 116.

(/usr/local/texlive/2017/texmf-dist/tex/latex/amsfonts/umsa.fd
File: umsa.fd 2013/01/14 v3.01 AMS symbols A
)
LaTeX Font Info:    Try loading font information for U+msb on input line 116.

(/usr/local/texlive/2017/texmf-dist/tex/latex/amsfonts/umsb.fd
File: umsb.fd 2013/01/14 v3.01 AMS symbols B
)
LaTeX Font Info:    Font shape `T1/phv/m/it' in size <10> not available
(Font)              Font shape `T1/phv/m/sl' tried instead on input line 116.
LaTeX Font Info:    Font shape `T1/phv/m/it' in size <7> not available
(Font)              Font shape `T1/phv/m/sl' tried instead on input line 116.
LaTeX Font Info:    Font shape `T1/phv/m/it' in size <5> not available
(Font)              Font shape `T1/phv/m/sl' tried instead on input line 116.
<Feathergraphics/1.pdf, id=61, pagebox=cropbox, 599.99156pt x 566.86781pt>
File: Feathergraphics/1.pdf Graphic file (type pdf)
<use Feathergraphics/1.pdf>
Package pdftex.def Info: Feathergraphics/1.pdf  used on input line 116. on inpu
t line 116.
Package pdftex.def Info: Requested size: 364.19992pt x 273.15736pt on input lin
e 116.
 [1

{/usr/local/texlive/2017/texmf-var/fonts/map/pdftex/updmap/pdftex.map} <./Feath
ergraphics/1.pdf> <./images/TUD.png>] (./Otto_Fabian_Animal_Biometrics_presenta
tion.toc)
LaTeX Font Info:    Font shape `T1/phv/m/it' in size <14.4> not available
(Font)              Font shape `T1/phv/m/sl' tried instead on input line 120.
File: images/TUD.png Graphic file (type png)
<use images/TUD.png>
Package pdftex.def Info: images/TUD.png  used on input line 120. on input line 
120.
Package pdftex.def Info: Requested size: 8.13002pt x 9.63557pt on input line 12
0.
File: images/TUD.png Graphic file (type png)
<use images/TUD.png>
Package pdftex.def Info: images/TUD.png  used on input line 120. on input line 
120.
Package pdftex.def Info: Requested size: 26.71864pt x 31.66608pt on input line 
120.
Missing character: There is no ; in font nullfont!

[2

] (./Otto_Fabian_Animal_Biometrics_presentation.toc)
File: images/TUD.png Graphic file (type png)
<use images/TUD.png>
Package pdftex.def Info: images/TUD.png  used on input line 130. on input line 
130.
Package pdftex.def Info: Requested size: 8.13002pt x 9.63557pt on input line 13
0.
File: images/TUD.png Graphic file (type png)
<use images/TUD.png>
Package pdftex.def Info: images/TUD.png  used on input line 130. on input line 
130.
Package pdftex.def Info: Requested size: 26.71864pt x 31.66608pt on input line 
130.
Missing character: There is no ; in font nullfont!
 [3

]
<images/biometrics.png, id=123, 590.205pt x 366.36874pt>
File: images/biometrics.png Graphic file (type png)
<use images/biometrics.png>
Package pdftex.def Info: images/biometrics.png  used on input line 139. on inpu
t line 139.
Package pdftex.def Info: Requested size: 245.83109pt x 152.59923pt on input lin
e 139.
File: images/TUD.png Graphic file (type png)
<use images/TUD.png>
Package pdftex.def Info: images/TUD.png  used on input line 139. on input line 
139.
Package pdftex.def Info: Requested size: 8.13002pt x 9.63557pt on input line 13
9.
File: images/TUD.png Graphic file (type png)
<use images/TUD.png>
Package pdftex.def Info: images/TUD.png  used on input line 139. on input line 
139.
Package pdftex.def Info: Requested size: 26.71864pt x 31.66608pt on input line 
139.
Missing character: There is no ; in font nullfont!
 [4

 <./images/biometrics.png>] (./Otto_Fabian_Animal_Biometrics_presentation.toc)
File: images/TUD.png Graphic file (type png)
<use images/TUD.png>
Package pdftex.def Info: images/TUD.png  used on input line 142. on input line 
142.
Package pdftex.def Info: Requested size: 8.13002pt x 9.63557pt on input line 14
2.
File: images/TUD.png Graphic file (type png)
<use images/TUD.png>
Package pdftex.def Info: images/TUD.png  used on input line 142. on input line 
142.
Package pdftex.def Info: Requested size: 26.71864pt x 31.66608pt on input line 
142.
Missing character: There is no ; in font nullfont!
 [5

]
<images/Data_dist_sorted_reduced_v2.png, id=149, 1182.4175pt x 1230.5975pt>
File: images/Data_dist_sorted_reduced_v2.png Graphic file (type png)
<use images/Data_dist_sorted_reduced_v2.png>
Package pdftex.def Info: images/Data_dist_sorted_reduced_v2.png  used on input 
line 164. on input line 164.
Package pdftex.def Info: Requested size: 147.4951pt x 153.5051pt on input line 
164.

Underfull \hbox (badness 6316) in paragraph at lines 164--164
[]\T1/phv/m/n/10 Low qual-ity im-ages from
 []

File: images/TUD.png Graphic file (type png)
<use images/TUD.png>
Package pdftex.def Info: images/TUD.png  used on input line 164. on input line 
164.
Package pdftex.def Info: Requested size: 8.13002pt x 9.63557pt on input line 16
4.
File: images/TUD.png Graphic file (type png)
<use images/TUD.png>
Package pdftex.def Info: images/TUD.png  used on input line 164. on input line 
164.
Package pdftex.def Info: Requested size: 26.71864pt x 31.66608pt on input line 
164.
Missing character: There is no ; in font nullfont!
[6

 <./images/Data_dist_sorted_reduced_v2.png>]
<images/example_marbled_cat.JPG, id=158, 2055.68pt x 1446.40375pt>
File: images/example_marbled_cat.JPG Graphic file (type jpg)
<use images/example_marbled_cat.JPG>
Package pdftex.def Info: images/example_marbled_cat.JPG  used on input line 183
. on input line 183.
Package pdftex.def Info: Requested size: 147.48814pt x 103.77461pt on input lin
e 183.
<images/example_mouse_deer.JPG, id=159, 2055.68pt x 1446.40375pt>
File: images/example_mouse_deer.JPG Graphic file (type jpg)
<use images/example_mouse_deer.JPG>
Package pdftex.def Info: images/example_mouse_deer.JPG  used on input line 183.
 on input line 183.
Package pdftex.def Info: Requested size: 147.48814pt x 103.77461pt on input lin
e 183.
File: images/TUD.png Graphic file (type png)
<use images/TUD.png>
Package pdftex.def Info: images/TUD.png  used on input line 183. on input line 
183.
Package pdftex.def Info: Requested size: 8.13002pt x 9.63557pt on input line 18
3.
File: images/TUD.png Graphic file (type png)
<use images/TUD.png>
Package pdftex.def Info: images/TUD.png  used on input line 183. on input line 
183.
Package pdftex.def Info: Requested size: 26.71864pt x 31.66608pt on input line 
183.
Missing character: There is no ; in font nullfont!
 [7

 <./images/example_marbled_cat.JPG> <./images/example_mouse_deer.JPG>]
<images/example_bad_DFR_7_female.JPG, id=169, 2055.68pt x 1541.76pt>
File: images/example_bad_DFR_7_female.JPG Graphic file (type jpg)
<use images/example_bad_DFR_7_female.JPG>
Package pdftex.def Info: images/example_bad_DFR_7_female.JPG  used on input lin
e 203. on input line 203.
Package pdftex.def Info: Requested size: 140.12247pt x 105.08766pt on input lin
e 203.
<images/example_bad_KFR_3_Male.JPG, id=170, 2055.68pt x 1541.76pt>
File: images/example_bad_KFR_3_Male.JPG Graphic file (type jpg)
<use images/example_bad_KFR_3_Male.JPG>
Package pdftex.def Info: images/example_bad_KFR_3_Male.JPG  used on input line 
203. on input line 203.
Package pdftex.def Info: Requested size: 140.12247pt x 105.08766pt on input lin
e 203.
<images/example_bad_DFR_9_female.JPG, id=171, 2055.68pt x 1541.76pt>
File: images/example_bad_DFR_9_female.JPG Graphic file (type jpg)
<use images/example_bad_DFR_9_female.JPG>
Package pdftex.def Info: images/example_bad_DFR_9_female.JPG  used on input lin
e 203. on input line 203.
Package pdftex.def Info: Requested size: 147.48814pt x 110.6161pt on input line
 203.
File: images/TUD.png Graphic file (type png)
<use images/TUD.png>
Package pdftex.def Info: images/TUD.png  used on input line 203. on input line 
203.
Package pdftex.def Info: Requested size: 8.13002pt x 9.63557pt on input line 20
3.
File: images/TUD.png Graphic file (type png)
<use images/TUD.png>
Package pdftex.def Info: images/TUD.png  used on input line 203. on input line 
203.
Package pdftex.def Info: Requested size: 26.71864pt x 31.66608pt on input line 
203.
Missing character: There is no ; in font nullfont!
 [8

 <./images/example_bad_DFR_7_female.JPG> <./images/example_bad_KFR_3_Male.JPG> 
<./images/example_bad_DFR_9_female.JPG>]
<images/resnet.png, id=179, 3302.3375pt x 935.495pt>
File: images/resnet.png Graphic file (type png)
<use images/resnet.png>
Package pdftex.def Info: images/resnet.png  used on input line 218. on input li
ne 218.
Package pdftex.def Info: Requested size: 307.28987pt x 87.0458pt on input line 
218.
LaTeX Font Info:    Font shape `T1/phv/m/it' in size <9> not available
(Font)              Font shape `T1/phv/m/sl' tried instead on input line 218.
LaTeX Font Info:    Font shape `T1/phv/m/it' in size <6> not available
(Font)              Font shape `T1/phv/m/sl' tried instead on input line 218.
File: images/TUD.png Graphic file (type png)
<use images/TUD.png>
Package pdftex.def Info: images/TUD.png  used on input line 218. on input line 
218.
Package pdftex.def Info: Requested size: 8.13002pt x 9.63557pt on input line 21
8.
File: images/TUD.png Graphic file (type png)
<use images/TUD.png>
Package pdftex.def Info: images/TUD.png  used on input line 218. on input line 
218.
Package pdftex.def Info: Requested size: 26.71864pt x 31.66608pt on input line 
218.
Missing character: There is no ; in font nullfont!
 [9

 <./images/resnet.png>]
<images/conf_mat_large.png, id=191, 1058.95625pt x 714.67pt>
File: images/conf_mat_large.png Graphic file (type png)
<use images/conf_mat_large.png>
Package pdftex.def Info: images/conf_mat_large.png  used on input line 243. on 
input line 243.
Package pdftex.def Info: Requested size: 178.22868pt x 120.28183pt on input lin
e 243.
<images/images_below.png, id=192, 1163.34625pt x 194.7275pt>
File: images/images_below.png Graphic file (type png)
<use images/images_below.png>
Package pdftex.def Info: images/images_below.png  used on input line 243. on in
put line 243.
Package pdftex.def Info: Requested size: 142.58348pt x 23.86546pt on input line
 243.
LaTeX Font Info:    Font shape `T1/phv/bx/n' in size <10> not available
(Font)              Font shape `T1/phv/b/n' tried instead on input line 243.
File: images/TUD.png Graphic file (type png)
<use images/TUD.png>
Package pdftex.def Info: images/TUD.png  used on input line 243. on input line 
243.
Package pdftex.def Info: Requested size: 8.13002pt x 9.63557pt on input line 24
3.
File: images/TUD.png Graphic file (type png)
<use images/TUD.png>
Package pdftex.def Info: images/TUD.png  used on input line 243. on input line 
243.
Package pdftex.def Info: Requested size: 26.71864pt x 31.66608pt on input line 
243.
Missing character: There is no ; in font nullfont!
 [10

 <./images/conf_mat_large.png> <./images/images_below.png>]
<images/acc.png, id=203, 523.9575pt x 174.6525pt>
File: images/acc.png Graphic file (type png)
<use images/acc.png>
Package pdftex.def Info: images/acc.png  used on input line 253. on input line 
253.
Package pdftex.def Info: Requested size: 276.56886pt x 92.18962pt on input line
 253.
File: images/TUD.png Graphic file (type png)
<use images/TUD.png>
Package pdftex.def Info: images/TUD.png  used on input line 253. on input line 
253.
Package pdftex.def Info: Requested size: 8.13002pt x 9.63557pt on input line 25
3.
File: images/TUD.png Graphic file (type png)
<use images/TUD.png>
Package pdftex.def Info: images/TUD.png  used on input line 253. on input line 
253.
Package pdftex.def Info: Requested size: 26.71864pt x 31.66608pt on input line 
253.
Missing character: There is no ; in font nullfont!
 [11

 <./images/acc.png>]
<images/Attention_right6.png, id=212, 845.40843pt x 434.37282pt>
File: images/Attention_right6.png Graphic file (type png)
<use images/Attention_right6.png>
Package pdftex.def Info: images/Attention_right6.png  used on input line 263. o
n input line 263.
Package pdftex.def Info: Requested size: 307.28987pt x 157.88527pt on input lin
e 263.
File: images/TUD.png Graphic file (type png)
<use images/TUD.png>
Package pdftex.def Info: images/TUD.png  used on input line 263. on input line 
263.
Package pdftex.def Info: Requested size: 8.13002pt x 9.63557pt on input line 26
3.
File: images/TUD.png Graphic file (type png)
<use images/TUD.png>
Package pdftex.def Info: images/TUD.png  used on input line 263. on input line 
263.
Package pdftex.def Info: Requested size: 26.71864pt x 31.66608pt on input line 
263.
Missing character: There is no ; in font nullfont!
 [12

 <./images/Attention_right6.png>]
<images/Attention_right5.png, id=221, 845.40843pt x 434.37282pt>
File: images/Attention_right5.png Graphic file (type png)
<use images/Attention_right5.png>
Package pdftex.def Info: images/Attention_right5.png  used on input line 273. o
n input line 273.
Package pdftex.def Info: Requested size: 307.28987pt x 157.88527pt on input lin
e 273.
File: images/TUD.png Graphic file (type png)
<use images/TUD.png>
Package pdftex.def Info: images/TUD.png  used on input line 273. on input line 
273.
Package pdftex.def Info: Requested size: 8.13002pt x 9.63557pt on input line 27
3.
File: images/TUD.png Graphic file (type png)
<use images/TUD.png>
Package pdftex.def Info: images/TUD.png  used on input line 273. on input line 
273.
Package pdftex.def Info: Requested size: 26.71864pt x 31.66608pt on input line 
273.
Missing character: There is no ; in font nullfont!

[13

 <./images/Attention_right5.png>]
<images/Attention_wrong_right.png, id=231, 1127.21124pt x 583.17876pt>
File: images/Attention_wrong_right.png Graphic file (type png)
<use images/Attention_wrong_right.png>
Package pdftex.def Info: images/Attention_wrong_right.png  used on input line 2
83. on input line 283.
Package pdftex.def Info: Requested size: 307.28987pt x 158.98203pt on input lin
e 283.
File: images/TUD.png Graphic file (type png)
<use images/TUD.png>
Package pdftex.def Info: images/TUD.png  used on input line 283. on input line 
283.
Package pdftex.def Info: Requested size: 8.13002pt x 9.63557pt on input line 28
3.
File: images/TUD.png Graphic file (type png)
<use images/TUD.png>
Package pdftex.def Info: images/TUD.png  used on input line 283. on input line 
283.
Package pdftex.def Info: Requested size: 26.71864pt x 31.66608pt on input line 
283.
Missing character: There is no ; in font nullfont!
 [14

 <./images/Attention_wrong_right.png>]
<images/Attention_wrong.png, id=240, 1127.21124pt x 579.16376pt>
File: images/Attention_wrong.png Graphic file (type png)
<use images/Attention_wrong.png>
Package pdftex.def Info: images/Attention_wrong.png  used on input line 293. on
 input line 293.
Package pdftex.def Info: Requested size: 307.28987pt x 157.88748pt on input lin
e 293.
File: images/TUD.png Graphic file (type png)
<use images/TUD.png>
Package pdftex.def Info: images/TUD.png  used on input line 293. on input line 
293.
Package pdftex.def Info: Requested size: 8.13002pt x 9.63557pt on input line 29
3.
File: images/TUD.png Graphic file (type png)
<use images/TUD.png>
Package pdftex.def Info: images/TUD.png  used on input line 293. on input line 
293.
Package pdftex.def Info: Requested size: 26.71864pt x 31.66608pt on input line 
293.
Missing character: There is no ; in font nullfont!

[15

 <./images/Attention_wrong.png>]
<images/mismatch.png, id=249, 1127.21124pt x 579.16376pt>
File: images/mismatch.png Graphic file (type png)
<use images/mismatch.png>
Package pdftex.def Info: images/mismatch.png  used on input line 303. on input 
line 303.
Package pdftex.def Info: Requested size: 307.28987pt x 157.88748pt on input lin
e 303.
File: images/TUD.png Graphic file (type png)
<use images/TUD.png>
Package pdftex.def Info: images/TUD.png  used on input line 303. on input line 
303.
Package pdftex.def Info: Requested size: 8.13002pt x 9.63557pt on input line 30
3.
File: images/TUD.png Graphic file (type png)
<use images/TUD.png>
Package pdftex.def Info: images/TUD.png  used on input line 303. on input line 
303.
Package pdftex.def Info: Requested size: 26.71864pt x 31.66608pt on input line 
303.
Missing character: There is no ; in font nullfont!
 [16

 <./images/mismatch.png>]
(./Otto_Fabian_Animal_Biometrics_presentation.toc)
File: images/TUD.png Graphic file (type png)
<use images/TUD.png>
Package pdftex.def Info: images/TUD.png  used on input line 306. on input line 
306.
Package pdftex.def Info: Requested size: 8.13002pt x 9.63557pt on input line 30
6.
File: images/TUD.png Graphic file (type png)
<use images/TUD.png>
Package pdftex.def Info: images/TUD.png  used on input line 306. on input line 
306.
Package pdftex.def Info: Requested size: 26.71864pt x 31.66608pt on input line 
306.
Missing character: There is no ; in font nullfont!
 [17

]
<images/Data_dist_leo_v2.png, id=275, 1047.915pt x 1136.245pt>
File: images/Data_dist_leo_v2.png Graphic file (type png)
<use images/Data_dist_leo_v2.png>
Package pdftex.def Info: images/Data_dist_leo_v2.png  used on input line 326. o
n input line 326.
Package pdftex.def Info: Requested size: 147.4906pt x 159.92276pt on input line
 326.

Underfull \hbox (badness 6316) in paragraph at lines 326--326
[]\T1/phv/m/n/10 Low qual-ity im-ages from
 []

File: images/TUD.png Graphic file (type png)
<use images/TUD.png>
Package pdftex.def Info: images/TUD.png  used on input line 326. on input line 
326.
Package pdftex.def Info: Requested size: 8.13002pt x 9.63557pt on input line 32
6.
File: images/TUD.png Graphic file (type png)
<use images/TUD.png>
Package pdftex.def Info: images/TUD.png  used on input line 326. on input line 
326.
Package pdftex.def Info: Requested size: 26.71864pt x 31.66608pt on input line 
326.
Missing character: There is no ; in font nullfont!
[18

 <./images/Data_dist_leo_v2.png>]
<images/example_DFR_2_male.JPG, id=283, 2055.68pt x 1541.76pt>
File: images/example_DFR_2_male.JPG Graphic file (type jpg)
<use images/example_DFR_2_male.JPG>
Package pdftex.def Info: images/example_DFR_2_male.JPG  used on input line 345.
 on input line 345.
Package pdftex.def Info: Requested size: 147.48814pt x 110.6161pt on input line
 345.
<images/example_DFR_5_male.JPG, id=284, 2055.68pt x 1541.76pt>
File: images/example_DFR_5_male.JPG Graphic file (type jpg)
<use images/example_DFR_5_male.JPG>
Package pdftex.def Info: images/example_DFR_5_male.JPG  used on input line 345.
 on input line 345.
Package pdftex.def Info: Requested size: 147.48814pt x 110.6161pt on input line
 345.
File: images/TUD.png Graphic file (type png)
<use images/TUD.png>
Package pdftex.def Info: images/TUD.png  used on input line 345. on input line 
345.
Package pdftex.def Info: Requested size: 8.13002pt x 9.63557pt on input line 34
5.
File: images/TUD.png Graphic file (type png)
<use images/TUD.png>
Package pdftex.def Info: images/TUD.png  used on input line 345. on input line 
345.
Package pdftex.def Info: Requested size: 26.71864pt x 31.66608pt on input line 
345.
Missing character: There is no ; in font nullfont!
 [19

 <./images/example_DFR_2_male.JPG> <./images/example_DFR_5_male.JPG>]
File: images/resnet.png Graphic file (type png)
<use images/resnet.png>
Package pdftex.def Info: images/resnet.png  used on input line 361. on input li
ne 361.
Package pdftex.def Info: Requested size: 307.28987pt x 87.0458pt on input line 
361.
File: images/TUD.png Graphic file (type png)
<use images/TUD.png>
Package pdftex.def Info: images/TUD.png  used on input line 361. on input line 
361.
Package pdftex.def Info: Requested size: 8.13002pt x 9.63557pt on input line 36
1.
File: images/TUD.png Graphic file (type png)
<use images/TUD.png>
Package pdftex.def Info: images/TUD.png  used on input line 361. on input line 
361.
Package pdftex.def Info: Requested size: 26.71864pt x 31.66608pt on input line 
361.
Missing character: There is no ; in font nullfont!
 [20

]
<images/conf_mat_leo_v2.png, id=302, 1112.155pt x 928.46875pt>
File: images/conf_mat_leo_v2.png Graphic file (type png)
<use images/conf_mat_leo_v2.png>
Package pdftex.def Info: images/conf_mat_leo_v2.png  used on input line 384. on
 input line 384.
Package pdftex.def Info: Requested size: 178.22868pt x 148.78471pt on input lin
e 384.
File: images/TUD.png Graphic file (type png)
<use images/TUD.png>
Package pdftex.def Info: images/TUD.png  used on input line 384. on input line 
384.
Package pdftex.def Info: Requested size: 8.13002pt x 9.63557pt on input line 38
4.
File: images/TUD.png Graphic file (type png)
<use images/TUD.png>
Package pdftex.def Info: images/TUD.png  used on input line 384. on input line 
384.
Package pdftex.def Info: Requested size: 26.71864pt x 31.66608pt on input line 
384.
Missing character: There is no ; in font nullfont!
 [21

 <./images/conf_mat_leo_v2.png>]
<images/result_leo_3.png, id=311, 1127.21124pt x 583.17876pt>
File: images/result_leo_3.png Graphic file (type png)
<use images/result_leo_3.png>
Package pdftex.def Info: images/result_leo_3.png  used on input line 393. on in
put line 393.
Package pdftex.def Info: Requested size: 307.28987pt x 158.98203pt on input lin
e 393.
File: images/TUD.png Graphic file (type png)
<use images/TUD.png>
Package pdftex.def Info: images/TUD.png  used on input line 393. on input line 
393.
Package pdftex.def Info: Requested size: 8.13002pt x 9.63557pt on input line 39
3.
File: images/TUD.png Graphic file (type png)
<use images/TUD.png>
Package pdftex.def Info: images/TUD.png  used on input line 393. on input line 
393.
Package pdftex.def Info: Requested size: 26.71864pt x 31.66608pt on input line 
393.
Missing character: There is no ; in font nullfont!

[22

 <./images/result_leo_3.png>]
<images/result_leo_2.png, id=320, 1127.21124pt x 583.17876pt>
File: images/result_leo_2.png Graphic file (type png)
<use images/result_leo_2.png>
Package pdftex.def Info: images/result_leo_2.png  used on input line 404. on in
put line 404.
Package pdftex.def Info: Requested size: 307.28987pt x 158.98203pt on input lin
e 404.
File: images/TUD.png Graphic file (type png)
<use images/TUD.png>
Package pdftex.def Info: images/TUD.png  used on input line 404. on input line 
404.
Package pdftex.def Info: Requested size: 8.13002pt x 9.63557pt on input line 40
4.
File: images/TUD.png Graphic file (type png)
<use images/TUD.png>
Package pdftex.def Info: images/TUD.png  used on input line 404. on input line 
404.
Package pdftex.def Info: Requested size: 26.71864pt x 31.66608pt on input line 
404.
Missing character: There is no ; in font nullfont!
 [23

 <./images/result_leo_2.png>]
<images/Pretrain_acc_ResNet50_cropped_heavy_augment_lr0_0001.jpg, id=329, 297.3
6093pt x 209.28188pt>
File: images/Pretrain_acc_ResNet50_cropped_heavy_augment_lr0_0001.jpg Graphic f
ile (type jpg)
<use images/Pretrain_acc_ResNet50_cropped_heavy_augment_lr0_0001.jpg>
Package pdftex.def Info: images/Pretrain_acc_ResNet50_cropped_heavy_augment_lr0
_0001.jpg  used on input line 414. on input line 414.
Package pdftex.def Info: Requested size: 276.57002pt x 194.64926pt on input lin
e 414.

Overfull \vbox (14.38852pt too high) detected at line 414
 []

File: images/TUD.png Graphic file (type png)
<use images/TUD.png>
Package pdftex.def Info: images/TUD.png  used on input line 414. on input line 
414.
Package pdftex.def Info: Requested size: 8.13002pt x 9.63557pt on input line 41
4.
File: images/TUD.png Graphic file (type png)
<use images/TUD.png>
Package pdftex.def Info: images/TUD.png  used on input line 414. on input line 
414.
Package pdftex.def Info: Requested size: 26.71864pt x 31.66608pt on input line 
414.
Missing character: There is no ; in font nullfont!
[24

 <./images/Pretrain_acc_ResNet50_cropped_heavy_augment_lr0_0001.jpg>]
<images/Attention_Leo_Stamp2.png, id=337, 1127.21124pt x 583.17876pt>
File: images/Attention_Leo_Stamp2.png Graphic file (type png)
<use images/Attention_Leo_Stamp2.png>
Package pdftex.def Info: images/Attention_Leo_Stamp2.png  used on input line 43
1. on input line 431.
Package pdftex.def Info: Requested size: 307.28987pt x 158.98203pt on input lin
e 431.
File: images/TUD.png Graphic file (type png)
<use images/TUD.png>
Package pdftex.def Info: images/TUD.png  used on input line 431. on input line 
431.
Package pdftex.def Info: Requested size: 8.13002pt x 9.63557pt on input line 43
1.
File: images/TUD.png Graphic file (type png)
<use images/TUD.png>
Package pdftex.def Info: images/TUD.png  used on input line 431. on input line 
431.
Package pdftex.def Info: Requested size: 26.71864pt x 31.66608pt on input line 
431.
Missing character: There is no ; in font nullfont!

[25

 <./images/Attention_Leo_Stamp2.png>]
<images/retinanet.png, id=347, 894.34125pt x 243.91125pt>
File: images/retinanet.png Graphic file (type png)
<use images/retinanet.png>
Package pdftex.def Info: images/retinanet.png  used on input line 450. on input
 line 450.
Package pdftex.def Info: Requested size: 307.28987pt x 83.80705pt on input line
 450.
File: images/TUD.png Graphic file (type png)
<use images/TUD.png>
Package pdftex.def Info: images/TUD.png  used on input line 450. on input line 
450.
Package pdftex.def Info: Requested size: 8.13002pt x 9.63557pt on input line 45
0.
File: images/TUD.png Graphic file (type png)
<use images/TUD.png>
Package pdftex.def Info: images/TUD.png  used on input line 450. on input line 
450.
Package pdftex.def Info: Requested size: 26.71864pt x 31.66608pt on input line 
450.
Missing character: There is no ; in font nullfont!
 [26

 <./images/retinanet.png (PNG copy)>]
<images/conf_mat_leo_retina.png, id=357, 845.1575pt x 714.67pt>
File: images/conf_mat_leo_retina.png Graphic file (type png)
<use images/conf_mat_leo_retina.png>
Package pdftex.def Info: images/conf_mat_leo_retina.png  used on input line 471
. on input line 471.
Package pdftex.def Info: Requested size: 178.22868pt x 150.70671pt on input lin
e 471.
File: images/TUD.png Graphic file (type png)
<use images/TUD.png>
Package pdftex.def Info: images/TUD.png  used on input line 471. on input line 
471.
Package pdftex.def Info: Requested size: 8.13002pt x 9.63557pt on input line 47
1.
File: images/TUD.png Graphic file (type png)
<use images/TUD.png>
Package pdftex.def Info: images/TUD.png  used on input line 471. on input line 
471.
Package pdftex.def Info: Requested size: 26.71864pt x 31.66608pt on input line 
471.
Missing character: There is no ; in font nullfont!
 [27

 <./images/conf_mat_leo_retina.png>]
<images/RetinaNet_Attention_correct_good_quality2.png, id=366, 1141.26375pt x 4
31.6125pt>
File: images/RetinaNet_Attention_correct_good_quality2.png Graphic file (type p
ng)
<use images/RetinaNet_Attention_correct_good_quality2.png>
Package pdftex.def Info: images/RetinaNet_Attention_correct_good_quality2.png  
used on input line 480. on input line 480.
Package pdftex.def Info: Requested size: 307.28987pt x 116.21422pt on input lin
e 480.
File: images/TUD.png Graphic file (type png)
<use images/TUD.png>
Package pdftex.def Info: images/TUD.png  used on input line 480. on input line 
480.
Package pdftex.def Info: Requested size: 8.13002pt x 9.63557pt on input line 48
0.
File: images/TUD.png Graphic file (type png)
<use images/TUD.png>
Package pdftex.def Info: images/TUD.png  used on input line 480. on input line 
480.
Package pdftex.def Info: Requested size: 26.71864pt x 31.66608pt on input line 
480.
Missing character: There is no ; in font nullfont!
 [28

 <./images/RetinaNet_Attention_correct_good_quality2.png>]
<images/RetinaNet_No_Attention_correct2.png, id=375, 1141.26375pt x 431.6125pt>

File: images/RetinaNet_No_Attention_correct2.png Graphic file (type png)
<use images/RetinaNet_No_Attention_correct2.png>
Package pdftex.def Info: images/RetinaNet_No_Attention_correct2.png  used on in
put line 490. on input line 490.
Package pdftex.def Info: Requested size: 307.28987pt x 116.21422pt on input lin
e 490.
File: images/TUD.png Graphic file (type png)
<use images/TUD.png>
Package pdftex.def Info: images/TUD.png  used on input line 490. on input line 
490.
Package pdftex.def Info: Requested size: 8.13002pt x 9.63557pt on input line 49
0.
File: images/TUD.png Graphic file (type png)
<use images/TUD.png>
Package pdftex.def Info: images/TUD.png  used on input line 490. on input line 
490.
Package pdftex.def Info: Requested size: 26.71864pt x 31.66608pt on input line 
490.
Missing character: There is no ; in font nullfont!
 [29

 <./images/RetinaNet_No_Attention_correct2.png>]
<images/Acc_finetune_leo_both.png, id=384, 517.18219pt x 175.40532pt>
File: images/Acc_finetune_leo_both.png Graphic file (type png)
<use images/Acc_finetune_leo_both.png>
Package pdftex.def Info: images/Acc_finetune_leo_both.png  used on input line 5
02. on input line 502.
Package pdftex.def Info: Requested size: 276.56741pt x 93.79942pt on input line
 502.
File: images/TUD.png Graphic file (type png)
<use images/TUD.png>
Package pdftex.def Info: images/TUD.png  used on input line 502. on input line 
502.
Package pdftex.def Info: Requested size: 8.13002pt x 9.63557pt on input line 50
2.
File: images/TUD.png Graphic file (type png)
<use images/TUD.png>
Package pdftex.def Info: images/TUD.png  used on input line 502. on input line 
502.
Package pdftex.def Info: Requested size: 26.71864pt x 31.66608pt on input line 
502.
Missing character: There is no ; in font nullfont!

[30

 <./images/Acc_finetune_leo_both.png>]
<images/finetune_Attention.png, id=392, 1127.21124pt x 583.17876pt>
File: images/finetune_Attention.png Graphic file (type png)
<use images/finetune_Attention.png>
Package pdftex.def Info: images/finetune_Attention.png  used on input line 512.
 on input line 512.
Package pdftex.def Info: Requested size: 307.28987pt x 158.98203pt on input lin
e 512.
File: images/TUD.png Graphic file (type png)
<use images/TUD.png>
Package pdftex.def Info: images/TUD.png  used on input line 512. on input line 
512.
Package pdftex.def Info: Requested size: 8.13002pt x 9.63557pt on input line 51
2.
File: images/TUD.png Graphic file (type png)
<use images/TUD.png>
Package pdftex.def Info: images/TUD.png  used on input line 512. on input line 
512.
Package pdftex.def Info: Requested size: 26.71864pt x 31.66608pt on input line 
512.
Missing character: There is no ; in font nullfont!
 [31

 <./images/finetune_Attention.png>]
<images/finetune_Attention_later.png, id=402, 1127.21124pt x 583.17876pt>
File: images/finetune_Attention_later.png Graphic file (type png)
<use images/finetune_Attention_later.png>
Package pdftex.def Info: images/finetune_Attention_later.png  used on input lin
e 522. on input line 522.
Package pdftex.def Info: Requested size: 307.28987pt x 158.98203pt on input lin
e 522.
File: images/TUD.png Graphic file (type png)
<use images/TUD.png>
Package pdftex.def Info: images/TUD.png  used on input line 522. on input line 
522.
Package pdftex.def Info: Requested size: 8.13002pt x 9.63557pt on input line 52
2.
File: images/TUD.png Graphic file (type png)
<use images/TUD.png>
Package pdftex.def Info: images/TUD.png  used on input line 522. on input line 
522.
Package pdftex.def Info: Requested size: 26.71864pt x 31.66608pt on input line 
522.
Missing character: There is no ; in font nullfont!
 [32

 <./images/finetune_Attention_later.png>]
File: images/TUD.png Graphic file (type png)
<use images/TUD.png>
Package pdftex.def Info: images/TUD.png  used on input line 529. on input line 
529.
Package pdftex.def Info: Requested size: 32.52008pt x 38.54233pt on input line 
529.
File: Feathergraphics/1.pdf Graphic file (type pdf)
<use Feathergraphics/1.pdf>
Package pdftex.def Info: Feathergraphics/1.pdf  used on input line 529. on inpu
t line 529.
Package pdftex.def Info: Requested size: 364.19992pt x 273.15736pt on input lin
e 529.
 [33

]
\tf@nav=\write6
\openout6 = `Otto_Fabian_Animal_Biometrics_presentation.nav'.

\tf@toc=\write7
\openout7 = `Otto_Fabian_Animal_Biometrics_presentation.toc'.

\tf@snm=\write8
\openout8 = `Otto_Fabian_Animal_Biometrics_presentation.snm'.

Package atveryend Info: Empty hook `BeforeClearDocument' on input line 531.
Package atveryend Info: Empty hook `AfterLastShipout' on input line 531.

(./Otto_Fabian_Animal_Biometrics_presentation.aux)
Package atveryend Info: Executing hook `AtVeryEndDocument' on input line 531.
Package atveryend Info: Executing hook `AtEndAfterFileList' on input line 531.
Package rerunfilecheck Info: File `Otto_Fabian_Animal_Biometrics_presentation.o
ut' has not changed.
(rerunfilecheck)             Checksum: 775AFC13657BC4B6EDFAD050F9E6CAFD;708.
 ) 
Here is how much of TeX's memory you used:
 24141 strings out of 492985
 463159 string characters out of 6132571
 553525 words of memory out of 5000000
 27008 multiletter control sequences out of 15000+600000
 48939 words of font info for 72 fonts, out of 8000000 for 9000
 1141 hyphenation exceptions out of 8191
 66i,17n,71p,819b,928s stack positions out of 5000i,500n,10000p,200000b,80000s
{/usr/local/texlive/2017/texmf-dist/fonts/enc/dvips/base/8r.enc}{/usr/local/t
exlive/2017/texmf-dist/fonts/enc/dvips/cm-super/cm-super-t1.enc}</usr/local/tex
live/2017/texmf-dist/fonts/type1/public/amsfonts/cm/cmmi10.pfb></usr/local/texl
ive/2017/texmf-dist/fonts/type1/public/amsfonts/symbols/msam10.pfb></usr/local/
texlive/2017/texmf-dist/fonts/type1/public/cm-super/sfbx1200.pfb></usr/local/te
xlive/2017/texmf-dist/fonts/type1/public/cm-super/sfbx1440.pfb></usr/local/texl
ive/2017/texmf-dist/fonts/type1/public/cm-super/sfrm0800.pfb></usr/local/texliv
e/2017/texmf-dist/fonts/type1/public/cm-super/sfrm1000.pfb></usr/local/texlive/
2017/texmf-dist/fonts/type1/public/cm-super/sftt0900.pfb></usr/local/texlive/20
17/texmf-dist/fonts/type1/public/cm-super/sftt1000.pfb></usr/local/texlive/2017
/texmf-dist/fonts/type1/urw/helvetic/uhvb8a.pfb></usr/local/texlive/2017/texmf-
dist/fonts/type1/urw/helvetic/uhvr8a.pfb>
Output written on Otto_Fabian_Animal_Biometrics_presentation.pdf (33 pages, 989
5092 bytes).
PDF statistics:
 471 PDF objects out of 1000 (max. 8388607)
 354 compressed objects within 4 object streams
 78 named destinations out of 1000 (max. 500000)
 296 words of extra memory for PDF output out of 10000 (max. 10000000)

