This is pdfTeX, Version 3.14159265-2.6-1.40.18 (TeX Live 2017) (preloaded format=pdflatex 2017.12.9)  4 OCT 2018 14:21
entering extended mode
 restricted \write18 enabled.
 %&-line parsing enabled.
**Report_Animal_Biometrics.tex
(./Report_Animal_Biometrics.tex
LaTeX2e <2017-04-15>
Babel <3.15> and hyphenation patterns for 84 language(s) loaded.
(/usr/local/texlive/2017/texmf-dist/tex/latex/IEEEtran/IEEEtran.cls
Document Class: IEEEtran 2015/08/26 V1.8b by Michael Shell
-- See the "IEEEtran_HOWTO" manual for usage information.
-- http://www.michaelshell.org/tex/ieeetran/
\@IEEEtrantmpdimenA=\dimen102
\@IEEEtrantmpdimenB=\dimen103
\@IEEEtrantmpdimenC=\dimen104
\@IEEEtrantmpcountA=\count79
\@IEEEtrantmpcountB=\count80
\@IEEEtrantmpcountC=\count81
\@IEEEtrantmptoksA=\toks14
LaTeX Font Info:    Try loading font information for OT1+ptm on input line 503.

(/usr/local/texlive/2017/texmf-dist/tex/latex/psnfss/ot1ptm.fd
File: ot1ptm.fd 2001/06/04 font definitions for OT1/ptm.
)
-- Using 210mm x 297mm (a4) paper.
-- Using PDF output.
\@IEEEnormalsizeunitybaselineskip=\dimen105
-- This is a 10 point document.
\CLASSINFOnormalsizebaselineskip=\dimen106
\CLASSINFOnormalsizeunitybaselineskip=\dimen107
\IEEEnormaljot=\dimen108
LaTeX Font Info:    Font shape `OT1/ptm/bx/n' in size <5> not available
(Font)              Font shape `OT1/ptm/b/n' tried instead on input line 1090.
LaTeX Font Info:    Font shape `OT1/ptm/bx/it' in size <5> not available
(Font)              Font shape `OT1/ptm/b/it' tried instead on input line 1090.

LaTeX Font Info:    Font shape `OT1/ptm/bx/n' in size <7> not available
(Font)              Font shape `OT1/ptm/b/n' tried instead on input line 1090.
LaTeX Font Info:    Font shape `OT1/ptm/bx/it' in size <7> not available
(Font)              Font shape `OT1/ptm/b/it' tried instead on input line 1090.

LaTeX Font Info:    Font shape `OT1/ptm/bx/n' in size <8> not available
(Font)              Font shape `OT1/ptm/b/n' tried instead on input line 1090.
LaTeX Font Info:    Font shape `OT1/ptm/bx/it' in size <8> not available
(Font)              Font shape `OT1/ptm/b/it' tried instead on input line 1090.

LaTeX Font Info:    Font shape `OT1/ptm/bx/n' in size <9> not available
(Font)              Font shape `OT1/ptm/b/n' tried instead on input line 1090.
LaTeX Font Info:    Font shape `OT1/ptm/bx/it' in size <9> not available
(Font)              Font shape `OT1/ptm/b/it' tried instead on input line 1090.

LaTeX Font Info:    Font shape `OT1/ptm/bx/n' in size <10> not available
(Font)              Font shape `OT1/ptm/b/n' tried instead on input line 1090.
LaTeX Font Info:    Font shape `OT1/ptm/bx/it' in size <10> not available
(Font)              Font shape `OT1/ptm/b/it' tried instead on input line 1090.

LaTeX Font Info:    Font shape `OT1/ptm/bx/n' in size <11> not available
(Font)              Font shape `OT1/ptm/b/n' tried instead on input line 1090.
LaTeX Font Info:    Font shape `OT1/ptm/bx/it' in size <11> not available
(Font)              Font shape `OT1/ptm/b/it' tried instead on input line 1090.

LaTeX Font Info:    Font shape `OT1/ptm/bx/n' in size <12> not available
(Font)              Font shape `OT1/ptm/b/n' tried instead on input line 1090.
LaTeX Font Info:    Font shape `OT1/ptm/bx/it' in size <12> not available
(Font)              Font shape `OT1/ptm/b/it' tried instead on input line 1090.

LaTeX Font Info:    Font shape `OT1/ptm/bx/n' in size <17> not available
(Font)              Font shape `OT1/ptm/b/n' tried instead on input line 1090.
LaTeX Font Info:    Font shape `OT1/ptm/bx/it' in size <17> not available
(Font)              Font shape `OT1/ptm/b/it' tried instead on input line 1090.

LaTeX Font Info:    Font shape `OT1/ptm/bx/n' in size <20> not available
(Font)              Font shape `OT1/ptm/b/n' tried instead on input line 1090.
LaTeX Font Info:    Font shape `OT1/ptm/bx/it' in size <20> not available
(Font)              Font shape `OT1/ptm/b/it' tried instead on input line 1090.

LaTeX Font Info:    Font shape `OT1/ptm/bx/n' in size <24> not available
(Font)              Font shape `OT1/ptm/b/n' tried instead on input line 1090.
LaTeX Font Info:    Font shape `OT1/ptm/bx/it' in size <24> not available
(Font)              Font shape `OT1/ptm/b/it' tried instead on input line 1090.

\IEEEquantizedlength=\dimen109
\IEEEquantizedlengthdiff=\dimen110
\IEEEquantizedtextheightdiff=\dimen111
\IEEEilabelindentA=\dimen112
\IEEEilabelindentB=\dimen113
\IEEEilabelindent=\dimen114
\IEEEelabelindent=\dimen115
\IEEEdlabelindent=\dimen116
\IEEElabelindent=\dimen117
\IEEEiednormlabelsep=\dimen118
\IEEEiedmathlabelsep=\dimen119
\IEEEiedtopsep=\skip41
\c@section=\count82
\c@subsection=\count83
\c@subsubsection=\count84
\c@paragraph=\count85
\c@IEEEsubequation=\count86
\abovecaptionskip=\skip42
\belowcaptionskip=\skip43
\c@figure=\count87
\c@table=\count88
\@IEEEeqnnumcols=\count89
\@IEEEeqncolcnt=\count90
\@IEEEsubeqnnumrollback=\count91
\@IEEEquantizeheightA=\dimen120
\@IEEEquantizeheightB=\dimen121
\@IEEEquantizeheightC=\dimen122
\@IEEEquantizeprevdepth=\dimen123
\@IEEEquantizemultiple=\count92
\@IEEEquantizeboxA=\box26
\@IEEEtmpitemindent=\dimen124
\IEEEPARstartletwidth=\dimen125
\c@IEEEbiography=\count93
\@IEEEtranrubishbin=\box27
) (/usr/local/texlive/2017/texmf-dist/tex/latex/graphics/graphicx.sty
Package: graphicx 2017/06/01 v1.1a Enhanced LaTeX Graphics (DPC,SPQR)

(/usr/local/texlive/2017/texmf-dist/tex/latex/graphics/keyval.sty
Package: keyval 2014/10/28 v1.15 key=value parser (DPC)
\KV@toks@=\toks15
)
(/usr/local/texlive/2017/texmf-dist/tex/latex/graphics/graphics.sty
Package: graphics 2017/06/25 v1.2c Standard LaTeX Graphics (DPC,SPQR)

(/usr/local/texlive/2017/texmf-dist/tex/latex/graphics/trig.sty
Package: trig 2016/01/03 v1.10 sin cos tan (DPC)
)
(/usr/local/texlive/2017/texmf-dist/tex/latex/graphics-cfg/graphics.cfg
File: graphics.cfg 2016/06/04 v1.11 sample graphics configuration
)
Package graphics Info: Driver file: pdftex.def on input line 99.

(/usr/local/texlive/2017/texmf-dist/tex/latex/graphics-def/pdftex.def
File: pdftex.def 2017/06/24 v1.0g Graphics/color driver for pdftex
))
\Gin@req@height=\dimen126
\Gin@req@width=\dimen127
)
(/usr/local/texlive/2017/texmf-dist/tex/latex/url/url.sty
\Urlmuskip=\muskip10
Package: url 2013/09/16  ver 3.4  Verb mode for urls, etc.
)
(/usr/local/texlive/2017/texmf-dist/tex/latex/amsmath/amsmath.sty
Package: amsmath 2017/09/02 v2.17a AMS math features
\@mathmargin=\skip44

For additional information on amsmath, use the `?' option.
(/usr/local/texlive/2017/texmf-dist/tex/latex/amsmath/amstext.sty
Package: amstext 2000/06/29 v2.01 AMS text

(/usr/local/texlive/2017/texmf-dist/tex/latex/amsmath/amsgen.sty
File: amsgen.sty 1999/11/30 v2.0 generic functions
\@emptytoks=\toks16
\ex@=\dimen128
))
(/usr/local/texlive/2017/texmf-dist/tex/latex/amsmath/amsbsy.sty
Package: amsbsy 1999/11/29 v1.2d Bold Symbols
\pmbraise@=\dimen129
)
(/usr/local/texlive/2017/texmf-dist/tex/latex/amsmath/amsopn.sty
Package: amsopn 2016/03/08 v2.02 operator names
)
\inf@bad=\count94
LaTeX Info: Redefining \frac on input line 213.
\uproot@=\count95
\leftroot@=\count96
LaTeX Info: Redefining \overline on input line 375.
\classnum@=\count97
\DOTSCASE@=\count98
LaTeX Info: Redefining \ldots on input line 472.
LaTeX Info: Redefining \dots on input line 475.
LaTeX Info: Redefining \cdots on input line 596.
\Mathstrutbox@=\box28
\strutbox@=\box29
\big@size=\dimen130
LaTeX Font Info:    Redeclaring font encoding OML on input line 712.
LaTeX Font Info:    Redeclaring font encoding OMS on input line 713.
\macc@depth=\count99
\c@MaxMatrixCols=\count100
\dotsspace@=\muskip11
\c@parentequation=\count101
\dspbrk@lvl=\count102
\tag@help=\toks17
\row@=\count103
\column@=\count104
\maxfields@=\count105
\andhelp@=\toks18
\eqnshift@=\dimen131
\alignsep@=\dimen132
\tagshift@=\dimen133
\tagwidth@=\dimen134
\totwidth@=\dimen135
\lineht@=\dimen136
\@envbody=\toks19
\multlinegap=\skip45
\multlinetaggap=\skip46
\mathdisplay@stack=\toks20
LaTeX Info: Redefining \[ on input line 2817.
LaTeX Info: Redefining \] on input line 2818.
)
(./Report_Animal_Biometrics.aux)
\openout1 = `Report_Animal_Biometrics.aux'.

LaTeX Font Info:    Checking defaults for OML/cmm/m/it on input line 14.
LaTeX Font Info:    ... okay on input line 14.
LaTeX Font Info:    Checking defaults for T1/cmr/m/n on input line 14.
LaTeX Font Info:    ... okay on input line 14.
LaTeX Font Info:    Checking defaults for OT1/cmr/m/n on input line 14.
LaTeX Font Info:    ... okay on input line 14.
LaTeX Font Info:    Checking defaults for OMS/cmsy/m/n on input line 14.
LaTeX Font Info:    ... okay on input line 14.
LaTeX Font Info:    Checking defaults for OMX/cmex/m/n on input line 14.
LaTeX Font Info:    ... okay on input line 14.
LaTeX Font Info:    Checking defaults for U/cmr/m/n on input line 14.
LaTeX Font Info:    ... okay on input line 14.

-- Lines per column: 58 (exact).
(/usr/local/texlive/2017/texmf-dist/tex/context/base/mkii/supp-pdf.mkii
[Loading MPS to PDF converter (version 2006.09.02).]
\scratchcounter=\count106
\scratchdimen=\dimen137
\scratchbox=\box30
\nofMPsegments=\count107
\nofMParguments=\count108
\everyMPshowfont=\toks21
\MPscratchCnt=\count109
\MPscratchDim=\dimen138
\MPnumerator=\count110
\makeMPintoPDFobject=\count111
\everyMPtoPDFconversion=\toks22
) (/usr/local/texlive/2017/texmf-dist/tex/latex/oberdiek/epstopdf-base.sty
Package: epstopdf-base 2016/05/15 v2.6 Base part for package epstopdf

(/usr/local/texlive/2017/texmf-dist/tex/generic/oberdiek/infwarerr.sty
Package: infwarerr 2016/05/16 v1.4 Providing info/warning/error messages (HO)
)
(/usr/local/texlive/2017/texmf-dist/tex/latex/oberdiek/grfext.sty
Package: grfext 2016/05/16 v1.2 Manage graphics extensions (HO)

(/usr/local/texlive/2017/texmf-dist/tex/generic/oberdiek/kvdefinekeys.sty
Package: kvdefinekeys 2016/05/16 v1.4 Define keys (HO)

(/usr/local/texlive/2017/texmf-dist/tex/generic/oberdiek/ltxcmds.sty
Package: ltxcmds 2016/05/16 v1.23 LaTeX kernel commands for general use (HO)
)))
(/usr/local/texlive/2017/texmf-dist/tex/latex/oberdiek/kvoptions.sty
Package: kvoptions 2016/05/16 v3.12 Key value format for package options (HO)

(/usr/local/texlive/2017/texmf-dist/tex/generic/oberdiek/kvsetkeys.sty
Package: kvsetkeys 2016/05/16 v1.17 Key value parser (HO)

(/usr/local/texlive/2017/texmf-dist/tex/generic/oberdiek/etexcmds.sty
Package: etexcmds 2016/05/16 v1.6 Avoid name clashes with e-TeX commands (HO)

(/usr/local/texlive/2017/texmf-dist/tex/generic/oberdiek/ifluatex.sty
Package: ifluatex 2016/05/16 v1.4 Provides the ifluatex switch (HO)
Package ifluatex Info: LuaTeX not detected.
)
Package etexcmds Info: Could not find \expanded.
(etexcmds)             That can mean that you are not using pdfTeX 1.50 or
(etexcmds)             that some package has redefined \expanded.
(etexcmds)             In the latter case, load this package earlier.
)))
(/usr/local/texlive/2017/texmf-dist/tex/generic/oberdiek/pdftexcmds.sty
Package: pdftexcmds 2017/03/19 v0.25 Utility functions of pdfTeX for LuaTeX (HO
)

(/usr/local/texlive/2017/texmf-dist/tex/generic/oberdiek/ifpdf.sty
Package: ifpdf 2017/03/15 v3.2 Provides the ifpdf switch
)
Package pdftexcmds Info: LuaTeX not detected.
Package pdftexcmds Info: \pdf@primitive is available.
Package pdftexcmds Info: \pdf@ifprimitive is available.
Package pdftexcmds Info: \pdfdraftmode found.
)
Package epstopdf-base Info: Redefining graphics rule for `.eps' on input line 4
38.
Package grfext Info: Graphics extension search list:
(grfext)             [.pdf,.png,.jpg,.mps,.jpeg,.jbig2,.jb2,.PDF,.PNG,.JPG,.JPE
G,.JBIG2,.JB2,.eps]
(grfext)             \AppendGraphicsExtensions on input line 456.

(/usr/local/texlive/2017/texmf-dist/tex/latex/latexconfig/epstopdf-sys.cfg
File: epstopdf-sys.cfg 2010/07/13 v1.3 Configuration of (r)epstopdf for TeX Liv
e
))
Underfull \hbox (badness 1622) in paragraph at lines 40--42
[]\OT1/ptm/m/n/10 The cur-rently best per-form-ing ResNet-50 Ar-chi-tec-ture
 []

<images/acc.png, id=1, 523.9575pt x 174.6525pt>
File: images/acc.png Graphic file (type png)
<use images/acc.png>
Package pdftex.def Info: images/acc.png  used on input line 45. on input line 4
5.
Package pdftex.def Info: Requested size: 252.0pt x 84.00014pt on input line 45.

<images/conf_mat.png, id=3, 1084.05pt x 722.7pt>
File: images/conf_mat.png Graphic file (type png)
<use images/conf_mat.png>
Package pdftex.def Info: images/conf_mat.png  used on input line 74. on input l
ine 74.
Package pdftex.def Info: Requested size: 252.0pt x 167.99292pt on input line 74
.
<images/good_civet.png, id=4, 1127.21124pt x 579.16376pt>
File: images/good_civet.png Graphic file (type png)
<use images/good_civet.png>
Package pdftex.def Info: images/good_civet.png  used on input line 84. on input
 line 84.
Package pdftex.def Info: Requested size: 252.0pt x 129.47551pt on input line 84
.
<images/Attention_right_dual.png, id=5, 1127.21124pt x 579.16376pt>
File: images/Attention_right_dual.png Graphic file (type png)
<use images/Attention_right_dual.png>
Package pdftex.def Info: images/Attention_right_dual.png  used on input line 85
. on input line 85.
Package pdftex.def Info: Requested size: 252.0pt x 129.47551pt on input line 85
.
<images/Attention_right4.png, id=6, 1127.21124pt x 579.16376pt>
File: images/Attention_right4.png Graphic file (type png)
<use images/Attention_right4.png>
Package pdftex.def Info: images/Attention_right4.png  used on input line 86. on
 input line 86.
Package pdftex.def Info: Requested size: 252.0pt x 129.47551pt on input line 86
.
<images/Attention_right5.png, id=7, 1127.21124pt x 579.16376pt>
File: images/Attention_right5.png Graphic file (type png)
<use images/Attention_right5.png>
Package pdftex.def Info: images/Attention_right5.png  used on input line 87. on
 input line 87.
Package pdftex.def Info: Requested size: 252.0pt x 129.47551pt on input line 87
.
<images/Attention_wrong.png, id=8, 1127.21124pt x 579.16376pt>
File: images/Attention_wrong.png Graphic file (type png)
<use images/Attention_wrong.png>
Package pdftex.def Info: images/Attention_wrong.png  used on input line 98. on 
input line 98.
Package pdftex.def Info: Requested size: 252.0pt x 129.47551pt on input line 98
.
<images/Attention_wrong3.png, id=9, 1127.21124pt x 579.16376pt>
File: images/Attention_wrong3.png Graphic file (type png)
<use images/Attention_wrong3.png>
Package pdftex.def Info: images/Attention_wrong3.png  used on input line 99. on
 input line 99.
Package pdftex.def Info: Requested size: 252.0pt x 129.47551pt on input line 99
.
<images/Attention_wrong4.png, id=10, 1127.21124pt x 579.16376pt>
File: images/Attention_wrong4.png Graphic file (type png)
<use images/Attention_wrong4.png>
Package pdftex.def Info: images/Attention_wrong4.png  used on input line 100. o
n input line 100.
Package pdftex.def Info: Requested size: 252.0pt x 129.47551pt on input line 10
0.
<images/Attention_wrong_easy_weird.png, id=11, 1127.21124pt x 579.16376pt>
File: images/Attention_wrong_easy_weird.png Graphic file (type png)
<use images/Attention_wrong_easy_weird.png>
Package pdftex.def Info: images/Attention_wrong_easy_weird.png  used on input l
ine 101. on input line 101.
Package pdftex.def Info: Requested size: 252.0pt x 129.47551pt on input line 10
1.
<images/No_Attention_right.png, id=12, 1127.21124pt x 579.16376pt>
File: images/No_Attention_right.png Graphic file (type png)
<use images/No_Attention_right.png>
Package pdftex.def Info: images/No_Attention_right.png  used on input line 114.
 on input line 114.
Package pdftex.def Info: Requested size: 252.0pt x 129.47551pt on input line 11
4.
<images/No_Attention_right2.png, id=13, 1127.21124pt x 579.16376pt>
File: images/No_Attention_right2.png Graphic file (type png)
<use images/No_Attention_right2.png>
Package pdftex.def Info: images/No_Attention_right2.png  used on input line 115
. on input line 115.
Package pdftex.def Info: Requested size: 252.0pt x 129.47551pt on input line 11
5.
<images/No_Attention_right3.png, id=14, 1127.21124pt x 579.16376pt>
File: images/No_Attention_right3.png Graphic file (type png)
<use images/No_Attention_right3.png>
Package pdftex.def Info: images/No_Attention_right3.png  used on input line 116
. on input line 116.
Package pdftex.def Info: Requested size: 252.0pt x 129.47551pt on input line 11
6.
<images/Attention_Drops.png, id=15, 1127.21124pt x 579.16376pt>
File: images/Attention_Drops.png Graphic file (type png)
<use images/Attention_Drops.png>
Package pdftex.def Info: images/Attention_Drops.png  used on input line 117. on
 input line 117.
Package pdftex.def Info: Requested size: 252.0pt x 129.47551pt on input line 11
7.

Overfull \vbox (11.73407pt too high) has occurred while \output is active []


[1{/usr/local/texlive/2017/texmf-var/fonts/map/pdftex/updmap/pdftex.map}


 <./images/acc.png> <./images/conf_mat.png> <./images/good_civet.png> <./images
/Attention_right_dual.png> <./images/Attention_right4.png> <./images/Attention_
right5.png>]

LaTeX Warning: Text page 2 contains only floats.


Overfull \vbox (4.03409pt too high) has occurred while \output is active []



LaTeX Warning: Text page 2 contains only floats.


Overfull \vbox (4.03409pt too high) has occurred while \output is active []


[2 <./images/Attention_wrong.png> <./images/Attention_wrong3.png> <./images/Att
ention_wrong4.png> <./images/Attention_wrong_easy_weird.png> <./images/No_Atten
tion_right.png> <./images/No_Attention_right2.png> <./images/No_Attention_right
3.png> <./images/Attention_Drops.png>]
<images/No_Attention_wrong.png, id=41, 1127.21124pt x 579.16376pt>
File: images/No_Attention_wrong.png Graphic file (type png)
<use images/No_Attention_wrong.png>
Package pdftex.def Info: images/No_Attention_wrong.png  used on input line 129.
 on input line 129.
Package pdftex.def Info: Requested size: 252.0pt x 129.47551pt on input line 12
9.
<images/No_Animal_wrong.png, id=42, 1127.21124pt x 579.16376pt>
File: images/No_Animal_wrong.png Graphic file (type png)
<use images/No_Animal_wrong.png>
Package pdftex.def Info: images/No_Animal_wrong.png  used on input line 141. on
 input line 141.
Package pdftex.def Info: Requested size: 252.0pt x 129.47551pt on input line 14
1.
<images/No_Animal_wrong3.png, id=43, 1127.21124pt x 579.16376pt>
File: images/No_Animal_wrong3.png Graphic file (type png)
<use images/No_Animal_wrong3.png>
Package pdftex.def Info: images/No_Animal_wrong3.png  used on input line 142. o
n input line 142.
Package pdftex.def Info: Requested size: 252.0pt x 129.47551pt on input line 14
2.
<images/mismatch.png, id=44, 1127.21124pt x 579.16376pt>
File: images/mismatch.png Graphic file (type png)
<use images/mismatch.png>
Package pdftex.def Info: images/mismatch.png  used on input line 149. on input 
line 149.
Package pdftex.def Info: Requested size: 252.0pt x 129.47551pt on input line 14
9.
Missing character: There is no Ã in font ptmr7t!
Missing character: There is no – in font ptmr7t!


LaTeX Warning: Reference `conf_mat' on page 3 undefined on input line 160.

[3 <./images/No_Attention_wrong.png> <./images/No_Animal_wrong.png> <./images/N
o_Animal_wrong3.png> <./images/mismatch.png>] (./Report_Animal_Biometrics.aux)

LaTeX Warning: There were undefined references.


LaTeX Warning: Label(s) may have changed. Rerun to get cross-references right.

 ) 
Here is how much of TeX's memory you used:
 3046 strings out of 492985
 48367 string characters out of 6132571
 114667 words of memory out of 5000000
 6569 multiletter control sequences out of 15000+600000
 36077 words of font info for 72 fonts, out of 8000000 for 9000
 1141 hyphenation exceptions out of 8191
 41i,9n,25p,291b,254s stack positions out of 5000i,500n,10000p,200000b,80000s
{/usr/local/texlive/2017/texmf-dist/fonts/enc/dvips/base/8r.enc}</usr/local/t
exlive/2017/texmf-dist/fonts/type1/public/amsfonts/cm/cmmi8.pfb></usr/local/tex
live/2017/texmf-dist/fonts/type1/public/amsfonts/cm/cmr8.pfb></usr/local/texliv
e/2017/texmf-dist/fonts/type1/urw/times/utmb8a.pfb></usr/local/texlive/2017/tex
mf-dist/fonts/type1/urw/times/utmr8a.pfb>
Output written on Report_Animal_Biometrics.pdf (3 pages, 5457096 bytes).
PDF statistics:
 68 PDF objects out of 1000 (max. 8388607)
 22 compressed objects within 1 object stream
 0 named destinations out of 1000 (max. 500000)
 91 words of extra memory for PDF output out of 10000 (max. 10000000)

